{"name":"hexo","hostname":"Alex-PC","pid":9732,"level":20,"msg":"Hexo version: \u001b[35m3.2.2\u001b[39m","time":"2017-03-30T11:51:19.698Z","v":0}
{"name":"hexo","hostname":"Alex-PC","pid":9732,"level":20,"msg":"Working directory: \u001b[35mE:\\个人博客\\jonathan_blog\\\u001b[39m","time":"2017-03-30T11:51:19.709Z","v":0}
{"name":"hexo","hostname":"Alex-PC","pid":9732,"level":20,"msg":"Config loaded: \u001b[35mE:\\个人博客\\jonathan_blog\\_config.yml\u001b[39m","time":"2017-03-30T11:51:20.118Z","v":0}
{"name":"hexo","hostname":"Alex-PC","pid":9732,"level":20,"msg":"Plugin loaded: \u001b[35mhexo-deployer-git\u001b[39m","time":"2017-03-30T11:51:20.163Z","v":0}
{"name":"hexo","hostname":"Alex-PC","pid":9732,"level":20,"msg":"Plugin loaded: \u001b[35mhexo-generator-archive\u001b[39m","time":"2017-03-30T11:51:20.177Z","v":0}
{"name":"hexo","hostname":"Alex-PC","pid":9732,"level":20,"msg":"Plugin loaded: \u001b[35mhexo-generator-category\u001b[39m","time":"2017-03-30T11:51:20.187Z","v":0}
{"name":"hexo","hostname":"Alex-PC","pid":9732,"level":20,"msg":"Plugin loaded: \u001b[35mhexo-generator-index\u001b[39m","time":"2017-03-30T11:51:20.198Z","v":0}
{"name":"hexo","hostname":"Alex-PC","pid":9732,"level":20,"msg":"Plugin loaded: \u001b[35mhexo-renderer-ejs\u001b[39m","time":"2017-03-30T11:51:20.210Z","v":0}
{"name":"hexo","hostname":"Alex-PC","pid":9732,"level":20,"msg":"Plugin loaded: \u001b[35mhexo-generator-tag\u001b[39m","time":"2017-03-30T11:51:20.217Z","v":0}
{"name":"hexo","hostname":"Alex-PC","pid":9732,"level":20,"msg":"Plugin loaded: \u001b[35mhexo-renderer-marked\u001b[39m","time":"2017-03-30T11:51:20.240Z","v":0}
{"name":"hexo","hostname":"Alex-PC","pid":9732,"level":20,"msg":"Plugin loaded: \u001b[35mhexo-renderer-stylus\u001b[39m","time":"2017-03-30T11:51:20.247Z","v":0}
{"name":"hexo","hostname":"Alex-PC","pid":9732,"level":20,"msg":"Plugin loaded: \u001b[35mhexo-server\u001b[39m","time":"2017-03-30T11:51:20.482Z","v":0}
{"name":"hexo","hostname":"Alex-PC","pid":9732,"level":20,"msg":"Script loaded: \u001b[35mthemes\\hexo-theme-next\\scripts\\merge-configs.js\u001b[39m","time":"2017-03-30T11:51:20.496Z","v":0}
{"name":"hexo","hostname":"Alex-PC","pid":9732,"level":20,"msg":"Script loaded: \u001b[35mthemes\\hexo-theme-next\\scripts\\tags\\button.js\u001b[39m","time":"2017-03-30T11:51:20.500Z","v":0}
{"name":"hexo","hostname":"Alex-PC","pid":9732,"level":20,"msg":"Script loaded: \u001b[35mthemes\\hexo-theme-next\\scripts\\tags\\center-quote.js\u001b[39m","time":"2017-03-30T11:51:20.505Z","v":0}
{"name":"hexo","hostname":"Alex-PC","pid":9732,"level":20,"msg":"Script loaded: \u001b[35mthemes\\hexo-theme-next\\scripts\\tags\\exturl.js\u001b[39m","time":"2017-03-30T11:51:20.511Z","v":0}
{"name":"hexo","hostname":"Alex-PC","pid":9732,"level":20,"msg":"Script loaded: \u001b[35mthemes\\hexo-theme-next\\scripts\\tags\\full-image.js\u001b[39m","time":"2017-03-30T11:51:20.515Z","v":0}
{"name":"hexo","hostname":"Alex-PC","pid":9732,"level":20,"msg":"Script loaded: \u001b[35mthemes\\hexo-theme-next\\scripts\\merge.js\u001b[39m","time":"2017-03-30T11:51:20.529Z","v":0}
{"name":"hexo","hostname":"Alex-PC","pid":9732,"level":20,"msg":"Script loaded: \u001b[35mthemes\\hexo-theme-next\\scripts\\tags\\group-pictures.js\u001b[39m","time":"2017-03-30T11:51:20.536Z","v":0}
{"name":"hexo","hostname":"Alex-PC","pid":9732,"level":20,"msg":"Script loaded: \u001b[35mthemes\\hexo-theme-next\\scripts\\tags\\note.js\u001b[39m","time":"2017-03-30T11:51:20.541Z","v":0}
{"name":"hexo","hostname":"Alex-PC","pid":9732,"level":20,"msg":"Loading database.","time":"2017-03-30T11:51:20.569Z","v":0}
{"name":"hexo","hostname":"Alex-PC","pid":9732,"level":30,"msg":"Start processing","time":"2017-03-30T11:51:20.590Z","v":0}
{"name":"hexo","hostname":"Alex-PC","pid":9732,"level":20,"msg":"Processed: \u001b[35mdebug.log\u001b[39m","time":"2017-03-30T11:51:20.684Z","v":0}
{"name":"hexo","hostname":"Alex-PC","pid":9732,"level":20,"msg":"Theme config loaded.","time":"2017-03-30T11:51:20.916Z","v":0}
{"name":"hexo","hostname":"Alex-PC","pid":9732,"level":20,"msg":"Processed: \u001b[35m_config.yml\u001b[39m","time":"2017-03-30T11:51:20.921Z","v":0}
{"name":"hexo","hostname":"Alex-PC","pid":9732,"level":20,"msg":"Processed: \u001b[35msource/css/main.styl\u001b[39m","time":"2017-03-30T11:51:20.959Z","v":0}
{"name":"hexo","hostname":"Alex-PC","pid":9732,"level":20,"msg":"Processed: \u001b[35msource/images/algolia_logo.svg\u001b[39m","time":"2017-03-30T11:51:20.971Z","v":0}
{"name":"hexo","hostname":"Alex-PC","pid":9732,"level":20,"msg":"Processed: \u001b[35msource/images/avatar.gif\u001b[39m","time":"2017-03-30T11:51:20.976Z","v":0}
{"name":"hexo","hostname":"Alex-PC","pid":9732,"level":20,"msg":"Processed: \u001b[35msource/images/cc-by-nc-sa.svg\u001b[39m","time":"2017-03-30T11:51:20.981Z","v":0}
{"name":"hexo","hostname":"Alex-PC","pid":9732,"level":20,"msg":"Processed: \u001b[35msource/images/cc-by-nc-nd.svg\u001b[39m","time":"2017-03-30T11:51:20.987Z","v":0}
{"name":"hexo","hostname":"Alex-PC","pid":9732,"level":20,"msg":"Processed: \u001b[35msource/images/cc-by-nc.svg\u001b[39m","time":"2017-03-30T11:51:20.992Z","v":0}
{"name":"hexo","hostname":"Alex-PC","pid":9732,"level":20,"msg":"Processed: \u001b[35msource/images/cc-by-sa.svg\u001b[39m","time":"2017-03-30T11:51:20.997Z","v":0}
{"name":"hexo","hostname":"Alex-PC","pid":9732,"level":20,"msg":"Processed: \u001b[35msource/images/cc-by-nd.svg\u001b[39m","time":"2017-03-30T11:51:21.005Z","v":0}
{"name":"hexo","hostname":"Alex-PC","pid":9732,"level":20,"msg":"Processed: \u001b[35msource/images/cc-by.svg\u001b[39m","time":"2017-03-30T11:51:21.010Z","v":0}
{"name":"hexo","hostname":"Alex-PC","pid":9732,"level":20,"msg":"Processed: \u001b[35msource/images/cc-zero.svg\u001b[39m","time":"2017-03-30T11:51:21.016Z","v":0}
{"name":"hexo","hostname":"Alex-PC","pid":9732,"level":20,"msg":"Processed: \u001b[35msource/images/loading.gif\u001b[39m","time":"2017-03-30T11:51:21.022Z","v":0}
{"name":"hexo","hostname":"Alex-PC","pid":9732,"level":20,"msg":"Processed: \u001b[35msource/images/quote-l.svg\u001b[39m","time":"2017-03-30T11:51:21.028Z","v":0}
{"name":"hexo","hostname":"Alex-PC","pid":9732,"level":20,"msg":"Processed: \u001b[35msource/images/placeholder.gif\u001b[39m","time":"2017-03-30T11:51:21.034Z","v":0}
{"name":"hexo","hostname":"Alex-PC","pid":9732,"level":20,"msg":"Processed: \u001b[35msource/images/quote-r.svg\u001b[39m","time":"2017-03-30T11:51:21.038Z","v":0}
{"name":"hexo","hostname":"Alex-PC","pid":9732,"level":20,"msg":"Processed: \u001b[35msource/images/searchicon.png\u001b[39m","time":"2017-03-30T11:51:21.042Z","v":0}
{"name":"hexo","hostname":"Alex-PC","pid":9732,"level":20,"msg":"Processed: \u001b[35mlayout/_layout.swig\u001b[39m","time":"2017-03-30T11:51:21.471Z","v":0}
{"name":"hexo","hostname":"Alex-PC","pid":9732,"level":20,"msg":"Processed: \u001b[35mlayout/category.swig\u001b[39m","time":"2017-03-30T11:51:21.477Z","v":0}
{"name":"hexo","hostname":"Alex-PC","pid":9732,"level":20,"msg":"Processed: \u001b[35mlayout/archive.swig\u001b[39m","time":"2017-03-30T11:51:21.481Z","v":0}
{"name":"hexo","hostname":"Alex-PC","pid":9732,"level":20,"msg":"Processed: \u001b[35mlayout/page.swig\u001b[39m","time":"2017-03-30T11:51:21.485Z","v":0}
{"name":"hexo","hostname":"Alex-PC","pid":9732,"level":20,"msg":"Processed: \u001b[35mlayout/schedule.swig\u001b[39m","time":"2017-03-30T11:51:21.490Z","v":0}
{"name":"hexo","hostname":"Alex-PC","pid":9732,"level":20,"msg":"Processed: \u001b[35mlayout/index.swig\u001b[39m","time":"2017-03-30T11:51:21.496Z","v":0}
{"name":"hexo","hostname":"Alex-PC","pid":9732,"level":20,"msg":"Processed: \u001b[35mtags/index.md\u001b[39m","time":"2017-03-30T11:51:21.550Z","v":0}
{"name":"hexo","hostname":"Alex-PC","pid":9732,"level":20,"msg":"Processed: \u001b[35mlanguages/en.yml\u001b[39m","time":"2017-03-30T11:51:21.556Z","v":0}
{"name":"hexo","hostname":"Alex-PC","pid":9732,"level":20,"msg":"Processed: \u001b[35mlanguages/default.yml\u001b[39m","time":"2017-03-30T11:51:21.561Z","v":0}
{"name":"hexo","hostname":"Alex-PC","pid":9732,"level":20,"msg":"Processed: \u001b[35mlanguages/fr-FR.yml\u001b[39m","time":"2017-03-30T11:51:21.568Z","v":0}
{"name":"hexo","hostname":"Alex-PC","pid":9732,"level":20,"msg":"Processed: \u001b[35mlanguages/id.yml\u001b[39m","time":"2017-03-30T11:51:21.573Z","v":0}
{"name":"hexo","hostname":"Alex-PC","pid":9732,"level":20,"msg":"Processed: \u001b[35mlanguages/de.yml\u001b[39m","time":"2017-03-30T11:51:21.579Z","v":0}
{"name":"hexo","hostname":"Alex-PC","pid":9732,"level":20,"msg":"Processed: \u001b[35mlanguages/ja.yml\u001b[39m","time":"2017-03-30T11:51:21.584Z","v":0}
{"name":"hexo","hostname":"Alex-PC","pid":9732,"level":20,"msg":"Processed: \u001b[35mlanguages/ko.yml\u001b[39m","time":"2017-03-30T11:51:21.588Z","v":0}
{"name":"hexo","hostname":"Alex-PC","pid":9732,"level":20,"msg":"Processed: \u001b[35mlanguages/pt.yml\u001b[39m","time":"2017-03-30T11:51:21.593Z","v":0}
{"name":"hexo","hostname":"Alex-PC","pid":9732,"level":20,"msg":"Processed: \u001b[35mlanguages/zh-Hans.yml\u001b[39m","time":"2017-03-30T11:51:21.600Z","v":0}
{"name":"hexo","hostname":"Alex-PC","pid":9732,"level":20,"msg":"Processed: \u001b[35mlanguages/pt-BR.yml\u001b[39m","time":"2017-03-30T11:51:21.604Z","v":0}
{"name":"hexo","hostname":"Alex-PC","pid":9732,"level":20,"msg":"Processed: \u001b[35mlanguages/zh-hk.yml\u001b[39m","time":"2017-03-30T11:51:21.612Z","v":0}
{"name":"hexo","hostname":"Alex-PC","pid":9732,"level":20,"msg":"Processed: \u001b[35mlanguages/ru.yml\u001b[39m","time":"2017-03-30T11:51:21.617Z","v":0}
{"name":"hexo","hostname":"Alex-PC","pid":9732,"level":20,"msg":"Processed: \u001b[35mlanguages/zh-tw.yml\u001b[39m","time":"2017-03-30T11:51:21.621Z","v":0}
{"name":"hexo","hostname":"Alex-PC","pid":9732,"level":20,"msg":"Processed: \u001b[35m_posts/AAA.md\u001b[39m","time":"2017-03-30T11:51:21.632Z","v":0}
{"name":"hexo","hostname":"Alex-PC","pid":9732,"level":20,"msg":"Processed: \u001b[35m_posts/Hexo小结.md\u001b[39m","time":"2017-03-30T11:51:21.639Z","v":0}
{"name":"hexo","hostname":"Alex-PC","pid":9732,"level":20,"msg":"Processed: \u001b[35mlayout/tag.swig\u001b[39m","time":"2017-03-30T11:51:21.856Z","v":0}
{"name":"hexo","hostname":"Alex-PC","pid":9732,"level":20,"msg":"Processed: \u001b[35mlayout/post.swig\u001b[39m","time":"2017-03-30T11:51:21.861Z","v":0}
{"name":"hexo","hostname":"Alex-PC","pid":9732,"level":20,"msg":"Processed: \u001b[35msource/lib/canvas-nest/canvas-nest.min.js\u001b[39m","time":"2017-03-30T11:51:21.875Z","v":0}
{"name":"hexo","hostname":"Alex-PC","pid":9732,"level":20,"msg":"Processed: \u001b[35msource/lib/fastclick/LICENSE\u001b[39m","time":"2017-03-30T11:51:21.886Z","v":0}
{"name":"hexo","hostname":"Alex-PC","pid":9732,"level":20,"msg":"Processed: \u001b[35msource/lib/fastclick/README.md\u001b[39m","time":"2017-03-30T11:51:21.893Z","v":0}
{"name":"hexo","hostname":"Alex-PC","pid":9732,"level":20,"msg":"Processed: \u001b[35msource/lib/fastclick/bower.json\u001b[39m","time":"2017-03-30T11:51:21.898Z","v":0}
{"name":"hexo","hostname":"Alex-PC","pid":9732,"level":20,"msg":"Processed: \u001b[35msource/lib/font-awesome/bower.json\u001b[39m","time":"2017-03-30T11:51:21.908Z","v":0}
{"name":"hexo","hostname":"Alex-PC","pid":9732,"level":20,"msg":"Processed: \u001b[35msource/lib/font-awesome/HELP-US-OUT.txt\u001b[39m","time":"2017-03-30T11:51:21.912Z","v":0}
{"name":"hexo","hostname":"Alex-PC","pid":9732,"level":20,"msg":"Processed: \u001b[35msource/lib/jquery_lazyload/CONTRIBUTING.md\u001b[39m","time":"2017-03-30T11:51:21.917Z","v":0}
{"name":"hexo","hostname":"Alex-PC","pid":9732,"level":20,"msg":"Processed: \u001b[35msource/lib/jquery_lazyload/README.md\u001b[39m","time":"2017-03-30T11:51:21.923Z","v":0}
{"name":"hexo","hostname":"Alex-PC","pid":9732,"level":20,"msg":"Processed: \u001b[35msource/lib/jquery_lazyload/bower.json\u001b[39m","time":"2017-03-30T11:51:21.927Z","v":0}
{"name":"hexo","hostname":"Alex-PC","pid":9732,"level":20,"msg":"Processed: \u001b[35msource/lib/jquery_lazyload/jquery.lazyload.js\u001b[39m","time":"2017-03-30T11:51:21.932Z","v":0}
{"name":"hexo","hostname":"Alex-PC","pid":9732,"level":20,"msg":"Processed: \u001b[35msource/lib/jquery_lazyload/jquery.scrollstop.js\u001b[39m","time":"2017-03-30T11:51:21.937Z","v":0}
{"name":"hexo","hostname":"Alex-PC","pid":9732,"level":20,"msg":"Processed: \u001b[35msource/lib/three/three-waves.min.js\u001b[39m","time":"2017-03-30T11:51:21.942Z","v":0}
{"name":"hexo","hostname":"Alex-PC","pid":9732,"level":20,"msg":"Processed: \u001b[35msource/lib/algolia-instant-search/instantsearch.min.css\u001b[39m","time":"2017-03-30T11:51:21.947Z","v":0}
{"name":"hexo","hostname":"Alex-PC","pid":9732,"level":20,"msg":"Processed: \u001b[35msource/lib/velocity/bower.json\u001b[39m","time":"2017-03-30T11:51:21.955Z","v":0}
{"name":"hexo","hostname":"Alex-PC","pid":9732,"level":20,"msg":"Processed: \u001b[35msource/lib/velocity/velocity.ui.min.js\u001b[39m","time":"2017-03-30T11:51:21.960Z","v":0}
{"name":"hexo","hostname":"Alex-PC","pid":9732,"level":20,"msg":"Processed: \u001b[35msource/lib/velocity/velocity.min.js\u001b[39m","time":"2017-03-30T11:51:21.965Z","v":0}
{"name":"hexo","hostname":"Alex-PC","pid":9732,"level":20,"msg":"Processed: \u001b[35msource/lib/velocity/velocity.ui.js\u001b[39m","time":"2017-03-30T11:51:21.970Z","v":0}
{"name":"hexo","hostname":"Alex-PC","pid":9732,"level":20,"msg":"Processed: \u001b[35msource/js/src/affix.js\u001b[39m","time":"2017-03-30T11:51:21.975Z","v":0}
{"name":"hexo","hostname":"Alex-PC","pid":9732,"level":20,"msg":"Processed: \u001b[35msource/js/src/algolia-search.js\u001b[39m","time":"2017-03-30T11:51:21.980Z","v":0}
{"name":"hexo","hostname":"Alex-PC","pid":9732,"level":20,"msg":"Processed: \u001b[35msource/js/src/bootstrap.js\u001b[39m","time":"2017-03-30T11:51:21.985Z","v":0}
{"name":"hexo","hostname":"Alex-PC","pid":9732,"level":20,"msg":"Processed: \u001b[35msource/js/src/exturl.js\u001b[39m","time":"2017-03-30T11:51:21.989Z","v":0}
{"name":"hexo","hostname":"Alex-PC","pid":9732,"level":20,"msg":"Processed: \u001b[35msource/js/src/motion.js\u001b[39m","time":"2017-03-30T11:51:21.993Z","v":0}
{"name":"hexo","hostname":"Alex-PC","pid":9732,"level":20,"msg":"Processed: \u001b[35msource/js/src/hook-duoshuo.js\u001b[39m","time":"2017-03-30T11:51:21.997Z","v":0}
{"name":"hexo","hostname":"Alex-PC","pid":9732,"level":20,"msg":"Processed: \u001b[35msource/js/src/post-details.js\u001b[39m","time":"2017-03-30T11:51:22.003Z","v":0}
{"name":"hexo","hostname":"Alex-PC","pid":9732,"level":20,"msg":"Processed: \u001b[35msource/js/src/scrollspy.js\u001b[39m","time":"2017-03-30T11:51:22.008Z","v":0}
{"name":"hexo","hostname":"Alex-PC","pid":9732,"level":20,"msg":"Processed: \u001b[35msource/js/src/utils.js\u001b[39m","time":"2017-03-30T11:51:22.012Z","v":0}
{"name":"hexo","hostname":"Alex-PC","pid":9732,"level":20,"msg":"Processed: \u001b[35mlayout/_custom/header.swig\u001b[39m","time":"2017-03-30T11:51:22.193Z","v":0}
{"name":"hexo","hostname":"Alex-PC","pid":9732,"level":20,"msg":"Processed: \u001b[35mlayout/_custom/sidebar.swig\u001b[39m","time":"2017-03-30T11:51:22.198Z","v":0}
{"name":"hexo","hostname":"Alex-PC","pid":9732,"level":20,"msg":"Processed: \u001b[35mlayout/_partials/footer.swig\u001b[39m","time":"2017-03-30T11:51:22.202Z","v":0}
{"name":"hexo","hostname":"Alex-PC","pid":9732,"level":20,"msg":"Processed: \u001b[35mlayout/_partials/comments.swig\u001b[39m","time":"2017-03-30T11:51:22.207Z","v":0}
{"name":"hexo","hostname":"Alex-PC","pid":9732,"level":20,"msg":"Processed: \u001b[35mlayout/_partials/head.swig\u001b[39m","time":"2017-03-30T11:51:22.211Z","v":0}
{"name":"hexo","hostname":"Alex-PC","pid":9732,"level":20,"msg":"Processed: \u001b[35mlayout/_partials/page-header.swig\u001b[39m","time":"2017-03-30T11:51:22.215Z","v":0}
{"name":"hexo","hostname":"Alex-PC","pid":9732,"level":20,"msg":"Processed: \u001b[35mlayout/_partials/header.swig\u001b[39m","time":"2017-03-30T11:51:22.221Z","v":0}
{"name":"hexo","hostname":"Alex-PC","pid":9732,"level":20,"msg":"Processed: \u001b[35mlayout/_partials/search.swig\u001b[39m","time":"2017-03-30T11:51:22.226Z","v":0}
{"name":"hexo","hostname":"Alex-PC","pid":9732,"level":20,"msg":"Processed: \u001b[35mlayout/_macro/post-collapse.swig\u001b[39m","time":"2017-03-30T11:51:22.230Z","v":0}
{"name":"hexo","hostname":"Alex-PC","pid":9732,"level":20,"msg":"Processed: \u001b[35mlayout/_partials/pagination.swig\u001b[39m","time":"2017-03-30T11:51:22.235Z","v":0}
{"name":"hexo","hostname":"Alex-PC","pid":9732,"level":20,"msg":"Processed: \u001b[35mlayout/_macro/post-copyright.swig\u001b[39m","time":"2017-03-30T11:51:22.241Z","v":0}
{"name":"hexo","hostname":"Alex-PC","pid":9732,"level":20,"msg":"Processed: \u001b[35mlayout/_macro/post.swig\u001b[39m","time":"2017-03-30T11:51:22.245Z","v":0}
{"name":"hexo","hostname":"Alex-PC","pid":9732,"level":20,"msg":"Processed: \u001b[35mlayout/_macro/sidebar.swig\u001b[39m","time":"2017-03-30T11:51:22.251Z","v":0}
{"name":"hexo","hostname":"Alex-PC","pid":9732,"level":20,"msg":"Processed: \u001b[35mlayout/_macro/reward.swig\u001b[39m","time":"2017-03-30T11:51:22.255Z","v":0}
{"name":"hexo","hostname":"Alex-PC","pid":9732,"level":20,"msg":"Processed: \u001b[35mlayout/_scripts/boostrap.swig\u001b[39m","time":"2017-03-30T11:51:22.259Z","v":0}
{"name":"hexo","hostname":"Alex-PC","pid":9732,"level":20,"msg":"Processed: \u001b[35mlayout/_macro/wechat-subscriber.swig\u001b[39m","time":"2017-03-30T11:51:22.264Z","v":0}
{"name":"hexo","hostname":"Alex-PC","pid":9732,"level":20,"msg":"Processed: \u001b[35mlayout/_scripts/commons.swig\u001b[39m","time":"2017-03-30T11:51:22.268Z","v":0}
{"name":"hexo","hostname":"Alex-PC","pid":9732,"level":20,"msg":"Processed: \u001b[35mlayout/_scripts/vendors.swig\u001b[39m","time":"2017-03-30T11:51:22.272Z","v":0}
{"name":"hexo","hostname":"Alex-PC","pid":9732,"level":20,"msg":"Processed: \u001b[35mlayout/_third-party/duoshuo-hot-articles.swig\u001b[39m","time":"2017-03-30T11:51:22.277Z","v":0}
{"name":"hexo","hostname":"Alex-PC","pid":9732,"level":20,"msg":"Processed: \u001b[35mlayout/_third-party/mathjax.swig\u001b[39m","time":"2017-03-30T11:51:22.283Z","v":0}
{"name":"hexo","hostname":"Alex-PC","pid":9732,"level":20,"msg":"Processed: \u001b[35mlayout/_third-party/exturl.swig\u001b[39m","time":"2017-03-30T11:51:22.287Z","v":0}
{"name":"hexo","hostname":"Alex-PC","pid":9732,"level":20,"msg":"Processed: \u001b[35mlayout/_third-party/schedule.swig\u001b[39m","time":"2017-03-30T11:51:22.290Z","v":0}
{"name":"hexo","hostname":"Alex-PC","pid":9732,"level":20,"msg":"Processed: \u001b[35msource/lib/jquery/index.js\u001b[39m","time":"2017-03-30T11:51:22.297Z","v":0}
{"name":"hexo","hostname":"Alex-PC","pid":9732,"level":20,"msg":"Processed: \u001b[35mlayout/_scripts/schemes/mist.swig\u001b[39m","time":"2017-03-30T11:51:22.314Z","v":0}
{"name":"hexo","hostname":"Alex-PC","pid":9732,"level":20,"msg":"Processed: \u001b[35mlayout/_scripts/schemes/muse.swig\u001b[39m","time":"2017-03-30T11:51:22.318Z","v":0}
{"name":"hexo","hostname":"Alex-PC","pid":9732,"level":20,"msg":"Processed: \u001b[35msource/lib/fastclick/lib/fastclick.min.js\u001b[39m","time":"2017-03-30T11:51:22.330Z","v":0}
{"name":"hexo","hostname":"Alex-PC","pid":9732,"level":20,"msg":"Processed: \u001b[35msource/lib/fancybox/source/fancybox_loading.gif\u001b[39m","time":"2017-03-30T11:51:22.334Z","v":0}
{"name":"hexo","hostname":"Alex-PC","pid":9732,"level":20,"msg":"Processed: \u001b[35msource/lib/fancybox/source/blank.gif\u001b[39m","time":"2017-03-30T11:51:22.340Z","v":0}
{"name":"hexo","hostname":"Alex-PC","pid":9732,"level":20,"msg":"Processed: \u001b[35msource/lib/fastclick/lib/fastclick.js\u001b[39m","time":"2017-03-30T11:51:22.345Z","v":0}
{"name":"hexo","hostname":"Alex-PC","pid":9732,"level":20,"msg":"Processed: \u001b[35msource/lib/fancybox/source/fancybox_loading@2x.gif\u001b[39m","time":"2017-03-30T11:51:22.350Z","v":0}
{"name":"hexo","hostname":"Alex-PC","pid":9732,"level":20,"msg":"Processed: \u001b[35msource/lib/fancybox/source/fancybox_overlay.png\u001b[39m","time":"2017-03-30T11:51:22.355Z","v":0}
{"name":"hexo","hostname":"Alex-PC","pid":9732,"level":20,"msg":"Processed: \u001b[35msource/lib/fancybox/source/fancybox_sprite.png\u001b[39m","time":"2017-03-30T11:51:22.359Z","v":0}
{"name":"hexo","hostname":"Alex-PC","pid":9732,"level":20,"msg":"Processed: \u001b[35msource/lib/fancybox/source/fancybox_sprite@2x.png\u001b[39m","time":"2017-03-30T11:51:22.368Z","v":0}
{"name":"hexo","hostname":"Alex-PC","pid":9732,"level":20,"msg":"Processed: \u001b[35msource/lib/fancybox/source/jquery.fancybox.css\u001b[39m","time":"2017-03-30T11:51:22.375Z","v":0}
{"name":"hexo","hostname":"Alex-PC","pid":9732,"level":20,"msg":"Processed: \u001b[35msource/lib/fancybox/source/jquery.fancybox.pack.js\u001b[39m","time":"2017-03-30T11:51:22.381Z","v":0}
{"name":"hexo","hostname":"Alex-PC","pid":9732,"level":20,"msg":"Processed: \u001b[35msource/lib/fancybox/source/jquery.fancybox.js\u001b[39m","time":"2017-03-30T11:51:22.386Z","v":0}
{"name":"hexo","hostname":"Alex-PC","pid":9732,"level":20,"msg":"Processed: \u001b[35msource/lib/font-awesome/css/font-awesome.css\u001b[39m","time":"2017-03-30T11:51:22.391Z","v":0}
{"name":"hexo","hostname":"Alex-PC","pid":9732,"level":20,"msg":"Processed: \u001b[35msource/lib/font-awesome/css/font-awesome.css.map\u001b[39m","time":"2017-03-30T11:51:22.396Z","v":0}
{"name":"hexo","hostname":"Alex-PC","pid":9732,"level":20,"msg":"Processed: \u001b[35msource/lib/font-awesome/css/font-awesome.min.css\u001b[39m","time":"2017-03-30T11:51:22.401Z","v":0}
{"name":"hexo","hostname":"Alex-PC","pid":9732,"level":20,"msg":"Processed: \u001b[35msource/lib/ua-parser-js/dist/ua-parser.min.js\u001b[39m","time":"2017-03-30T11:51:22.406Z","v":0}
{"name":"hexo","hostname":"Alex-PC","pid":9732,"level":20,"msg":"Processed: \u001b[35msource/lib/ua-parser-js/dist/ua-parser.pack.js\u001b[39m","time":"2017-03-30T11:51:22.413Z","v":0}
{"name":"hexo","hostname":"Alex-PC","pid":9732,"level":20,"msg":"Processed: \u001b[35msource/js/src/schemes/pisces.js\u001b[39m","time":"2017-03-30T11:51:22.416Z","v":0}
{"name":"hexo","hostname":"Alex-PC","pid":9732,"level":20,"msg":"Processed: \u001b[35mlayout/_partials/head/custom-head.swig\u001b[39m","time":"2017-03-30T11:51:22.491Z","v":0}
{"name":"hexo","hostname":"Alex-PC","pid":9732,"level":20,"msg":"Processed: \u001b[35mlayout/_partials/head/external-fonts.swig\u001b[39m","time":"2017-03-30T11:51:22.495Z","v":0}
{"name":"hexo","hostname":"Alex-PC","pid":9732,"level":20,"msg":"Processed: \u001b[35mlayout/_partials/search/localsearch.swig\u001b[39m","time":"2017-03-30T11:51:22.500Z","v":0}
{"name":"hexo","hostname":"Alex-PC","pid":9732,"level":20,"msg":"Processed: \u001b[35mlayout/_partials/share/add-this.swig\u001b[39m","time":"2017-03-30T11:51:22.504Z","v":0}
{"name":"hexo","hostname":"Alex-PC","pid":9732,"level":20,"msg":"Processed: \u001b[35mlayout/_partials/search/swiftype.swig\u001b[39m","time":"2017-03-30T11:51:22.507Z","v":0}
{"name":"hexo","hostname":"Alex-PC","pid":9732,"level":20,"msg":"Processed: \u001b[35mlayout/_partials/share/duoshuo_share.swig\u001b[39m","time":"2017-03-30T11:51:22.512Z","v":0}
{"name":"hexo","hostname":"Alex-PC","pid":9732,"level":20,"msg":"Processed: \u001b[35mlayout/_partials/share/jiathis.swig\u001b[39m","time":"2017-03-30T11:51:22.516Z","v":0}
{"name":"hexo","hostname":"Alex-PC","pid":9732,"level":20,"msg":"Processed: \u001b[35mlayout/_scripts/pages/post-details.swig\u001b[39m","time":"2017-03-30T11:51:22.520Z","v":0}
{"name":"hexo","hostname":"Alex-PC","pid":9732,"level":20,"msg":"Processed: \u001b[35mlayout/_partials/share/baidushare.swig\u001b[39m","time":"2017-03-30T11:51:22.524Z","v":0}
{"name":"hexo","hostname":"Alex-PC","pid":9732,"level":20,"msg":"Processed: \u001b[35mlayout/_partials/search/tinysou.swig\u001b[39m","time":"2017-03-30T11:51:22.528Z","v":0}
{"name":"hexo","hostname":"Alex-PC","pid":9732,"level":20,"msg":"Processed: \u001b[35mlayout/_scripts/schemes/pisces.swig\u001b[39m","time":"2017-03-30T11:51:22.534Z","v":0}
{"name":"hexo","hostname":"Alex-PC","pid":9732,"level":20,"msg":"Processed: \u001b[35mlayout/_third-party/analytics/application-insights.swig\u001b[39m","time":"2017-03-30T11:51:22.538Z","v":0}
{"name":"hexo","hostname":"Alex-PC","pid":9732,"level":20,"msg":"Processed: \u001b[35mlayout/_third-party/analytics/baidu-analytics.swig\u001b[39m","time":"2017-03-30T11:51:22.544Z","v":0}
{"name":"hexo","hostname":"Alex-PC","pid":9732,"level":20,"msg":"Processed: \u001b[35mlayout/_third-party/analytics/busuanzi-counter.swig\u001b[39m","time":"2017-03-30T11:51:22.549Z","v":0}
{"name":"hexo","hostname":"Alex-PC","pid":9732,"level":20,"msg":"Processed: \u001b[35mlayout/_third-party/analytics/cnzz-analytics.swig\u001b[39m","time":"2017-03-30T11:51:22.555Z","v":0}
{"name":"hexo","hostname":"Alex-PC","pid":9732,"level":20,"msg":"Processed: \u001b[35mlayout/_third-party/analytics/facebook-sdk.swig\u001b[39m","time":"2017-03-30T11:51:22.559Z","v":0}
{"name":"hexo","hostname":"Alex-PC","pid":9732,"level":20,"msg":"Processed: \u001b[35mlayout/_third-party/analytics/google-analytics.swig\u001b[39m","time":"2017-03-30T11:51:22.565Z","v":0}
{"name":"hexo","hostname":"Alex-PC","pid":9732,"level":20,"msg":"Processed: \u001b[35mlayout/_third-party/analytics/index.swig\u001b[39m","time":"2017-03-30T11:51:22.569Z","v":0}
{"name":"hexo","hostname":"Alex-PC","pid":9732,"level":20,"msg":"Processed: \u001b[35mlayout/_third-party/analytics/lean-analytics.swig\u001b[39m","time":"2017-03-30T11:51:22.574Z","v":0}
{"name":"hexo","hostname":"Alex-PC","pid":9732,"level":20,"msg":"Processed: \u001b[35mlayout/_third-party/analytics/tencent-analytics.swig\u001b[39m","time":"2017-03-30T11:51:22.580Z","v":0}
{"name":"hexo","hostname":"Alex-PC","pid":9732,"level":20,"msg":"Processed: \u001b[35mlayout/_third-party/analytics/tencent-mta.swig\u001b[39m","time":"2017-03-30T11:51:22.585Z","v":0}
{"name":"hexo","hostname":"Alex-PC","pid":9732,"level":20,"msg":"Processed: \u001b[35mlayout/_third-party/analytics/vkontakte-api.swig\u001b[39m","time":"2017-03-30T11:51:22.589Z","v":0}
{"name":"hexo","hostname":"Alex-PC","pid":9732,"level":20,"msg":"Processed: \u001b[35mlayout/_third-party/comments/changyan.swig\u001b[39m","time":"2017-03-30T11:51:22.595Z","v":0}
{"name":"hexo","hostname":"Alex-PC","pid":9732,"level":20,"msg":"Processed: \u001b[35mlayout/_third-party/comments/disqus.swig\u001b[39m","time":"2017-03-30T11:51:22.599Z","v":0}
{"name":"hexo","hostname":"Alex-PC","pid":9732,"level":20,"msg":"Processed: \u001b[35mlayout/_third-party/comments/duoshuo.swig\u001b[39m","time":"2017-03-30T11:51:22.603Z","v":0}
{"name":"hexo","hostname":"Alex-PC","pid":9732,"level":20,"msg":"Processed: \u001b[35mlayout/_third-party/comments/gentie.swig\u001b[39m","time":"2017-03-30T11:51:22.607Z","v":0}
{"name":"hexo","hostname":"Alex-PC","pid":9732,"level":20,"msg":"Processed: \u001b[35mlayout/_third-party/comments/hypercomments.swig\u001b[39m","time":"2017-03-30T11:51:22.611Z","v":0}
{"name":"hexo","hostname":"Alex-PC","pid":9732,"level":20,"msg":"Processed: \u001b[35mlayout/_third-party/comments/index.swig\u001b[39m","time":"2017-03-30T11:51:22.615Z","v":0}
{"name":"hexo","hostname":"Alex-PC","pid":9732,"level":20,"msg":"Processed: \u001b[35mlayout/_third-party/comments/livere.swig\u001b[39m","time":"2017-03-30T11:51:22.619Z","v":0}
{"name":"hexo","hostname":"Alex-PC","pid":9732,"level":20,"msg":"Processed: \u001b[35mlayout/_third-party/comments/youyan.swig\u001b[39m","time":"2017-03-30T11:51:22.624Z","v":0}
{"name":"hexo","hostname":"Alex-PC","pid":9732,"level":20,"msg":"Processed: \u001b[35mlayout/_third-party/search/index.swig\u001b[39m","time":"2017-03-30T11:51:22.630Z","v":0}
{"name":"hexo","hostname":"Alex-PC","pid":9732,"level":20,"msg":"Processed: \u001b[35mlayout/_third-party/search/localsearch.swig\u001b[39m","time":"2017-03-30T11:51:22.634Z","v":0}
{"name":"hexo","hostname":"Alex-PC","pid":9732,"level":20,"msg":"Processed: \u001b[35mlayout/_third-party/search/tinysou.swig\u001b[39m","time":"2017-03-30T11:51:22.638Z","v":0}
{"name":"hexo","hostname":"Alex-PC","pid":9732,"level":20,"msg":"Processed: \u001b[35mlayout/_third-party/seo/baidu-push.swig\u001b[39m","time":"2017-03-30T11:51:22.643Z","v":0}
{"name":"hexo","hostname":"Alex-PC","pid":9732,"level":20,"msg":"Processed: \u001b[35msource/lib/font-awesome/fonts/fontawesome-webfont.woff2\u001b[39m","time":"2017-03-30T11:51:22.652Z","v":0}
{"name":"hexo","hostname":"Alex-PC","pid":9732,"level":20,"msg":"Processed: \u001b[35msource/lib/font-awesome/fonts/fontawesome-webfont.woff\u001b[39m","time":"2017-03-30T11:51:22.658Z","v":0}
{"name":"hexo","hostname":"Alex-PC","pid":9732,"level":20,"msg":"Processed: \u001b[35msource/lib/velocity/velocity.js\u001b[39m","time":"2017-03-30T11:51:22.664Z","v":0}
{"name":"hexo","hostname":"Alex-PC","pid":9732,"level":20,"msg":"Processed: \u001b[35msource/lib/fancybox/source/helpers/fancybox_buttons.png\u001b[39m","time":"2017-03-30T11:51:22.708Z","v":0}
{"name":"hexo","hostname":"Alex-PC","pid":9732,"level":20,"msg":"Processed: \u001b[35msource/lib/fancybox/source/helpers/jquery.fancybox-buttons.css\u001b[39m","time":"2017-03-30T11:51:22.717Z","v":0}
{"name":"hexo","hostname":"Alex-PC","pid":9732,"level":20,"msg":"Processed: \u001b[35msource/lib/fancybox/source/helpers/jquery.fancybox-buttons.js\u001b[39m","time":"2017-03-30T11:51:22.725Z","v":0}
{"name":"hexo","hostname":"Alex-PC","pid":9732,"level":20,"msg":"Processed: \u001b[35msource/lib/fancybox/source/helpers/jquery.fancybox-media.js\u001b[39m","time":"2017-03-30T11:51:22.731Z","v":0}
{"name":"hexo","hostname":"Alex-PC","pid":9732,"level":20,"msg":"Processed: \u001b[35msource/lib/fancybox/source/helpers/jquery.fancybox-thumbs.css\u001b[39m","time":"2017-03-30T11:51:22.739Z","v":0}
{"name":"hexo","hostname":"Alex-PC","pid":9732,"level":20,"msg":"Processed: \u001b[35msource/lib/fancybox/source/helpers/jquery.fancybox-thumbs.js\u001b[39m","time":"2017-03-30T11:51:22.745Z","v":0}
{"name":"hexo","hostname":"Alex-PC","pid":9732,"level":20,"msg":"Processed: \u001b[35msource/lib/font-awesome/fonts/fontawesome-webfont.eot\u001b[39m","time":"2017-03-30T11:51:22.751Z","v":0}
{"name":"hexo","hostname":"Alex-PC","pid":9732,"level":20,"msg":"Processed: \u001b[35msource/lib/font-awesome/fonts/FontAwesome.otf\u001b[39m","time":"2017-03-30T11:51:22.756Z","v":0}
{"name":"hexo","hostname":"Alex-PC","pid":9732,"level":20,"msg":"Processed: \u001b[35msource/lib/font-awesome/fonts/fontawesome-webfont.ttf\u001b[39m","time":"2017-03-30T11:51:22.761Z","v":0}
{"name":"hexo","hostname":"Alex-PC","pid":9732,"level":20,"msg":"Processed: \u001b[35mlayout/_third-party/search/algolia-search/dom.swig\u001b[39m","time":"2017-03-30T11:51:22.775Z","v":0}
{"name":"hexo","hostname":"Alex-PC","pid":9732,"level":20,"msg":"Processed: \u001b[35mlayout/_third-party/search/algolia-search/assets.swig\u001b[39m","time":"2017-03-30T11:51:22.782Z","v":0}
{"name":"hexo","hostname":"Alex-PC","pid":9732,"level":20,"msg":"Processed: \u001b[35msource/lib/algolia-instant-search/instantsearch.min.js\u001b[39m","time":"2017-03-30T11:51:22.790Z","v":0}
{"name":"hexo","hostname":"Alex-PC","pid":9732,"level":20,"msg":"Processed: \u001b[35msource/lib/three/three.min.js\u001b[39m","time":"2017-03-30T11:51:22.799Z","v":0}
{"name":"hexo","hostname":"Alex-PC","pid":9732,"level":20,"msg":"Processed: \u001b[35msource/lib/font-awesome/fonts/fontawesome-webfont.svg\u001b[39m","time":"2017-03-30T11:51:22.804Z","v":0}
{"name":"hexo","hostname":"Alex-PC","pid":9732,"level":20,"msg":"Generator: \u001b[35mpage\u001b[39m","time":"2017-03-30T11:51:24.034Z","v":0}
{"name":"hexo","hostname":"Alex-PC","pid":9732,"level":20,"msg":"Generator: \u001b[35mpost\u001b[39m","time":"2017-03-30T11:51:24.039Z","v":0}
{"name":"hexo","hostname":"Alex-PC","pid":9732,"level":20,"msg":"Generator: \u001b[35marchive\u001b[39m","time":"2017-03-30T11:51:24.044Z","v":0}
{"name":"hexo","hostname":"Alex-PC","pid":9732,"level":20,"msg":"Generator: \u001b[35mcategory\u001b[39m","time":"2017-03-30T11:51:24.049Z","v":0}
{"name":"hexo","hostname":"Alex-PC","pid":9732,"level":20,"msg":"Generator: \u001b[35mindex\u001b[39m","time":"2017-03-30T11:51:24.054Z","v":0}
{"name":"hexo","hostname":"Alex-PC","pid":9732,"level":20,"msg":"Generator: \u001b[35mtag\u001b[39m","time":"2017-03-30T11:51:24.060Z","v":0}
{"name":"hexo","hostname":"Alex-PC","pid":9732,"level":20,"msg":"Generator: \u001b[35masset\u001b[39m","time":"2017-03-30T11:51:24.088Z","v":0}
{"name":"hexo","hostname":"Alex-PC","pid":9732,"level":30,"msg":"Hexo is running at \u001b[4mhttp://localhost:4000/\u001b[24m. Press Ctrl+C to stop.","time":"2017-03-30T11:51:24.136Z","v":0}
{"name":"hexo","hostname":"Alex-PC","pid":9732,"level":20,"msg":"Database saved","time":"2017-03-30T11:51:24.186Z","v":0}
{"name":"hexo","hostname":"Alex-PC","pid":9732,"level":20,"msg":"Rendering archive: \u001b[35marchives/index.html\u001b[39m","time":"2017-03-30T11:51:25.599Z","v":0}
{"name":"hexo","hostname":"Alex-PC","pid":9732,"level":20,"msg":"Processed: \u001b[35mdebug.log\u001b[39m","time":"2017-03-30T11:51:48.696Z","v":0}
{"name":"hexo","hostname":"Alex-PC","pid":9732,"level":20,"msg":"Generator: \u001b[35mpage\u001b[39m","time":"2017-03-30T11:51:48.826Z","v":0}
{"name":"hexo","hostname":"Alex-PC","pid":9732,"level":20,"msg":"Generator: \u001b[35mpost\u001b[39m","time":"2017-03-30T11:51:48.831Z","v":0}
{"name":"hexo","hostname":"Alex-PC","pid":9732,"level":20,"msg":"Generator: \u001b[35marchive\u001b[39m","time":"2017-03-30T11:51:48.836Z","v":0}
{"name":"hexo","hostname":"Alex-PC","pid":9732,"level":20,"msg":"Generator: \u001b[35mcategory\u001b[39m","time":"2017-03-30T11:51:48.841Z","v":0}
{"name":"hexo","hostname":"Alex-PC","pid":9732,"level":20,"msg":"Generator: \u001b[35mindex\u001b[39m","time":"2017-03-30T11:51:48.845Z","v":0}
{"name":"hexo","hostname":"Alex-PC","pid":9732,"level":20,"msg":"Generator: \u001b[35mtag\u001b[39m","time":"2017-03-30T11:51:48.851Z","v":0}
{"name":"hexo","hostname":"Alex-PC","pid":9732,"level":20,"msg":"Generator: \u001b[35masset\u001b[39m","time":"2017-03-30T11:51:48.859Z","v":0}
{"name":"hexo","hostname":"Alex-PC","pid":9732,"level":20,"msg":"Processed: \u001b[35mdebug.log\u001b[39m","time":"2017-03-30T11:51:51.899Z","v":0}
{"name":"hexo","hostname":"Alex-PC","pid":9732,"level":20,"msg":"Generator: \u001b[35mpage\u001b[39m","time":"2017-03-30T11:51:52.021Z","v":0}
{"name":"hexo","hostname":"Alex-PC","pid":9732,"level":20,"msg":"Generator: \u001b[35mpost\u001b[39m","time":"2017-03-30T11:51:52.024Z","v":0}
{"name":"hexo","hostname":"Alex-PC","pid":9732,"level":20,"msg":"Generator: \u001b[35marchive\u001b[39m","time":"2017-03-30T11:51:52.029Z","v":0}
{"name":"hexo","hostname":"Alex-PC","pid":9732,"level":20,"msg":"Generator: \u001b[35mcategory\u001b[39m","time":"2017-03-30T11:51:52.034Z","v":0}
{"name":"hexo","hostname":"Alex-PC","pid":9732,"level":20,"msg":"Generator: \u001b[35mindex\u001b[39m","time":"2017-03-30T11:51:52.037Z","v":0}
{"name":"hexo","hostname":"Alex-PC","pid":9732,"level":20,"msg":"Generator: \u001b[35mtag\u001b[39m","time":"2017-03-30T11:51:52.041Z","v":0}
{"name":"hexo","hostname":"Alex-PC","pid":9732,"level":20,"msg":"Generator: \u001b[35masset\u001b[39m","time":"2017-03-30T11:51:52.049Z","v":0}
{"name":"hexo","hostname":"Alex-PC","pid":9732,"level":20,"msg":"Rendering archive: \u001b[35marchives/index.html\u001b[39m","time":"2017-03-30T11:51:54.592Z","v":0}
{"name":"hexo","hostname":"Alex-PC","pid":9732,"level":20,"msg":"Rendering page: \u001b[35mtags/index.html\u001b[39m","time":"2017-03-30T11:51:59.676Z","v":0}
{"name":"hexo","hostname":"Alex-PC","pid":9732,"level":20,"msg":"Generator: \u001b[35mpage\u001b[39m","time":"2017-03-30T11:52:13.161Z","v":0}
{"name":"hexo","hostname":"Alex-PC","pid":9732,"level":20,"msg":"Generator: \u001b[35mpost\u001b[39m","time":"2017-03-30T11:52:13.166Z","v":0}
{"name":"hexo","hostname":"Alex-PC","pid":9732,"level":20,"msg":"Generator: \u001b[35marchive\u001b[39m","time":"2017-03-30T11:52:13.174Z","v":0}
{"name":"hexo","hostname":"Alex-PC","pid":9732,"level":20,"msg":"Generator: \u001b[35mcategory\u001b[39m","time":"2017-03-30T11:52:13.178Z","v":0}
{"name":"hexo","hostname":"Alex-PC","pid":9732,"level":20,"msg":"Generator: \u001b[35mindex\u001b[39m","time":"2017-03-30T11:52:13.182Z","v":0}
{"name":"hexo","hostname":"Alex-PC","pid":9732,"level":20,"msg":"Generator: \u001b[35mtag\u001b[39m","time":"2017-03-30T11:52:13.189Z","v":0}
{"name":"hexo","hostname":"Alex-PC","pid":9732,"level":20,"msg":"Generator: \u001b[35masset\u001b[39m","time":"2017-03-30T11:52:13.194Z","v":0}
{"name":"hexo","hostname":"Alex-PC","pid":9732,"level":20,"msg":"Theme config loaded.","time":"2017-03-30T11:52:17.776Z","v":0}
{"name":"hexo","hostname":"Alex-PC","pid":9732,"level":20,"msg":"Processed: \u001b[35m_config.yml\u001b[39m","time":"2017-03-30T11:52:17.780Z","v":0}
{"name":"hexo","hostname":"Alex-PC","pid":9732,"level":20,"msg":"Generator: \u001b[35mpage\u001b[39m","time":"2017-03-30T11:52:17.906Z","v":0}
{"name":"hexo","hostname":"Alex-PC","pid":9732,"level":20,"msg":"Generator: \u001b[35mpost\u001b[39m","time":"2017-03-30T11:52:17.911Z","v":0}
{"name":"hexo","hostname":"Alex-PC","pid":9732,"level":20,"msg":"Generator: \u001b[35marchive\u001b[39m","time":"2017-03-30T11:52:17.916Z","v":0}
{"name":"hexo","hostname":"Alex-PC","pid":9732,"level":20,"msg":"Generator: \u001b[35mcategory\u001b[39m","time":"2017-03-30T11:52:17.921Z","v":0}
{"name":"hexo","hostname":"Alex-PC","pid":9732,"level":20,"msg":"Generator: \u001b[35mindex\u001b[39m","time":"2017-03-30T11:52:17.926Z","v":0}
{"name":"hexo","hostname":"Alex-PC","pid":9732,"level":20,"msg":"Generator: \u001b[35mtag\u001b[39m","time":"2017-03-30T11:52:17.930Z","v":0}
{"name":"hexo","hostname":"Alex-PC","pid":9732,"level":20,"msg":"Generator: \u001b[35masset\u001b[39m","time":"2017-03-30T11:52:17.936Z","v":0}
{"name":"hexo","hostname":"Alex-PC","pid":9732,"level":20,"msg":"Generator: \u001b[35mpage\u001b[39m","time":"2017-03-30T11:52:18.505Z","v":0}
{"name":"hexo","hostname":"Alex-PC","pid":9732,"level":20,"msg":"Generator: \u001b[35mpost\u001b[39m","time":"2017-03-30T11:52:18.511Z","v":0}
{"name":"hexo","hostname":"Alex-PC","pid":9732,"level":20,"msg":"Generator: \u001b[35marchive\u001b[39m","time":"2017-03-30T11:52:18.515Z","v":0}
{"name":"hexo","hostname":"Alex-PC","pid":9732,"level":20,"msg":"Generator: \u001b[35mcategory\u001b[39m","time":"2017-03-30T11:52:18.519Z","v":0}
{"name":"hexo","hostname":"Alex-PC","pid":9732,"level":20,"msg":"Generator: \u001b[35mindex\u001b[39m","time":"2017-03-30T11:52:18.525Z","v":0}
{"name":"hexo","hostname":"Alex-PC","pid":9732,"level":20,"msg":"Generator: \u001b[35mtag\u001b[39m","time":"2017-03-30T11:52:18.528Z","v":0}
{"name":"hexo","hostname":"Alex-PC","pid":9732,"level":20,"msg":"Generator: \u001b[35masset\u001b[39m","time":"2017-03-30T11:52:18.534Z","v":0}
{"name":"hexo","hostname":"Alex-PC","pid":9732,"level":20,"msg":"Theme config loaded.","time":"2017-03-30T11:52:20.160Z","v":0}
{"name":"hexo","hostname":"Alex-PC","pid":9732,"level":20,"msg":"Processed: \u001b[35m_config.yml\u001b[39m","time":"2017-03-30T11:52:20.167Z","v":0}
{"name":"hexo","hostname":"Alex-PC","pid":9732,"level":20,"msg":"Generator: \u001b[35mpage\u001b[39m","time":"2017-03-30T11:52:20.295Z","v":0}
{"name":"hexo","hostname":"Alex-PC","pid":9732,"level":20,"msg":"Generator: \u001b[35mpost\u001b[39m","time":"2017-03-30T11:52:20.300Z","v":0}
{"name":"hexo","hostname":"Alex-PC","pid":9732,"level":20,"msg":"Generator: \u001b[35marchive\u001b[39m","time":"2017-03-30T11:52:20.306Z","v":0}
{"name":"hexo","hostname":"Alex-PC","pid":9732,"level":20,"msg":"Generator: \u001b[35mcategory\u001b[39m","time":"2017-03-30T11:52:20.310Z","v":0}
{"name":"hexo","hostname":"Alex-PC","pid":9732,"level":20,"msg":"Generator: \u001b[35mindex\u001b[39m","time":"2017-03-30T11:52:20.315Z","v":0}
{"name":"hexo","hostname":"Alex-PC","pid":9732,"level":20,"msg":"Generator: \u001b[35mtag\u001b[39m","time":"2017-03-30T11:52:20.321Z","v":0}
{"name":"hexo","hostname":"Alex-PC","pid":9732,"level":20,"msg":"Generator: \u001b[35masset\u001b[39m","time":"2017-03-30T11:52:20.328Z","v":0}
{"name":"hexo","hostname":"Alex-PC","pid":9732,"level":20,"msg":"Generator: \u001b[35mpage\u001b[39m","time":"2017-03-30T11:52:20.839Z","v":0}
{"name":"hexo","hostname":"Alex-PC","pid":9732,"level":20,"msg":"Generator: \u001b[35mpost\u001b[39m","time":"2017-03-30T11:52:20.845Z","v":0}
{"name":"hexo","hostname":"Alex-PC","pid":9732,"level":20,"msg":"Generator: \u001b[35marchive\u001b[39m","time":"2017-03-30T11:52:20.849Z","v":0}
{"name":"hexo","hostname":"Alex-PC","pid":9732,"level":20,"msg":"Generator: \u001b[35mcategory\u001b[39m","time":"2017-03-30T11:52:20.855Z","v":0}
{"name":"hexo","hostname":"Alex-PC","pid":9732,"level":20,"msg":"Generator: \u001b[35mindex\u001b[39m","time":"2017-03-30T11:52:20.861Z","v":0}
{"name":"hexo","hostname":"Alex-PC","pid":9732,"level":20,"msg":"Generator: \u001b[35mtag\u001b[39m","time":"2017-03-30T11:52:20.865Z","v":0}
{"name":"hexo","hostname":"Alex-PC","pid":9732,"level":20,"msg":"Generator: \u001b[35masset\u001b[39m","time":"2017-03-30T11:52:20.873Z","v":0}
{"name":"hexo","hostname":"Alex-PC","pid":9732,"level":20,"msg":"Generator: \u001b[35mpage\u001b[39m","time":"2017-03-30T11:52:20.994Z","v":0}
{"name":"hexo","hostname":"Alex-PC","pid":9732,"level":20,"msg":"Generator: \u001b[35mpost\u001b[39m","time":"2017-03-30T11:52:20.999Z","v":0}
{"name":"hexo","hostname":"Alex-PC","pid":9732,"level":20,"msg":"Generator: \u001b[35marchive\u001b[39m","time":"2017-03-30T11:52:21.004Z","v":0}
{"name":"hexo","hostname":"Alex-PC","pid":9732,"level":20,"msg":"Generator: \u001b[35mcategory\u001b[39m","time":"2017-03-30T11:52:21.009Z","v":0}
{"name":"hexo","hostname":"Alex-PC","pid":9732,"level":20,"msg":"Generator: \u001b[35mindex\u001b[39m","time":"2017-03-30T11:52:21.014Z","v":0}
{"name":"hexo","hostname":"Alex-PC","pid":9732,"level":20,"msg":"Generator: \u001b[35mtag\u001b[39m","time":"2017-03-30T11:52:21.018Z","v":0}
{"name":"hexo","hostname":"Alex-PC","pid":9732,"level":20,"msg":"Generator: \u001b[35masset\u001b[39m","time":"2017-03-30T11:52:21.026Z","v":0}
{"name":"hexo","hostname":"Alex-PC","pid":9732,"level":20,"msg":"Processed: \u001b[35mdebug.log\u001b[39m","time":"2017-03-30T11:52:33.237Z","v":0}
{"name":"hexo","hostname":"Alex-PC","pid":9732,"level":20,"msg":"Generator: \u001b[35mpage\u001b[39m","time":"2017-03-30T11:52:33.376Z","v":0}
{"name":"hexo","hostname":"Alex-PC","pid":9732,"level":20,"msg":"Generator: \u001b[35mpost\u001b[39m","time":"2017-03-30T11:52:33.403Z","v":0}
{"name":"hexo","hostname":"Alex-PC","pid":9732,"level":20,"msg":"Generator: \u001b[35marchive\u001b[39m","time":"2017-03-30T11:52:33.410Z","v":0}
{"name":"hexo","hostname":"Alex-PC","pid":9732,"level":20,"msg":"Generator: \u001b[35mcategory\u001b[39m","time":"2017-03-30T11:52:33.417Z","v":0}
{"name":"hexo","hostname":"Alex-PC","pid":9732,"level":20,"msg":"Generator: \u001b[35mindex\u001b[39m","time":"2017-03-30T11:52:33.426Z","v":0}
{"name":"hexo","hostname":"Alex-PC","pid":9732,"level":20,"msg":"Generator: \u001b[35mtag\u001b[39m","time":"2017-03-30T11:52:33.435Z","v":0}
{"name":"hexo","hostname":"Alex-PC","pid":9732,"level":20,"msg":"Generator: \u001b[35masset\u001b[39m","time":"2017-03-30T11:52:33.450Z","v":0}
{"name":"hexo","hostname":"Alex-PC","pid":9732,"level":20,"msg":"Processed: \u001b[35mdebug.log\u001b[39m","time":"2017-03-30T11:52:36.492Z","v":0}
{"name":"hexo","hostname":"Alex-PC","pid":9732,"level":20,"msg":"Generator: \u001b[35mpage\u001b[39m","time":"2017-03-30T11:52:36.622Z","v":0}
{"name":"hexo","hostname":"Alex-PC","pid":9732,"level":20,"msg":"Generator: \u001b[35mpost\u001b[39m","time":"2017-03-30T11:52:36.627Z","v":0}
{"name":"hexo","hostname":"Alex-PC","pid":9732,"level":20,"msg":"Generator: \u001b[35marchive\u001b[39m","time":"2017-03-30T11:52:36.631Z","v":0}
{"name":"hexo","hostname":"Alex-PC","pid":9732,"level":20,"msg":"Generator: \u001b[35mcategory\u001b[39m","time":"2017-03-30T11:52:36.635Z","v":0}
{"name":"hexo","hostname":"Alex-PC","pid":9732,"level":20,"msg":"Generator: \u001b[35mindex\u001b[39m","time":"2017-03-30T11:52:36.640Z","v":0}
{"name":"hexo","hostname":"Alex-PC","pid":9732,"level":20,"msg":"Generator: \u001b[35mtag\u001b[39m","time":"2017-03-30T11:52:36.643Z","v":0}
{"name":"hexo","hostname":"Alex-PC","pid":9732,"level":20,"msg":"Generator: \u001b[35masset\u001b[39m","time":"2017-03-30T11:52:36.651Z","v":0}
{"name":"hexo","hostname":"Alex-PC","pid":9732,"level":20,"msg":"Generator: \u001b[35mpage\u001b[39m","time":"2017-03-30T11:52:48.763Z","v":0}
{"name":"hexo","hostname":"Alex-PC","pid":9732,"level":20,"msg":"Generator: \u001b[35mpost\u001b[39m","time":"2017-03-30T11:52:48.769Z","v":0}
{"name":"hexo","hostname":"Alex-PC","pid":9732,"level":20,"msg":"Generator: \u001b[35marchive\u001b[39m","time":"2017-03-30T11:52:48.772Z","v":0}
{"name":"hexo","hostname":"Alex-PC","pid":9732,"level":20,"msg":"Generator: \u001b[35mcategory\u001b[39m","time":"2017-03-30T11:52:48.776Z","v":0}
{"name":"hexo","hostname":"Alex-PC","pid":9732,"level":20,"msg":"Generator: \u001b[35mindex\u001b[39m","time":"2017-03-30T11:52:48.779Z","v":0}
{"name":"hexo","hostname":"Alex-PC","pid":9732,"level":20,"msg":"Generator: \u001b[35mtag\u001b[39m","time":"2017-03-30T11:52:48.782Z","v":0}
{"name":"hexo","hostname":"Alex-PC","pid":9732,"level":20,"msg":"Generator: \u001b[35masset\u001b[39m","time":"2017-03-30T11:52:48.788Z","v":0}
{"name":"hexo","hostname":"Alex-PC","pid":9732,"level":20,"msg":"Generator: \u001b[35mpage\u001b[39m","time":"2017-03-30T11:52:59.410Z","v":0}
{"name":"hexo","hostname":"Alex-PC","pid":9732,"level":20,"msg":"Generator: \u001b[35mpost\u001b[39m","time":"2017-03-30T11:52:59.415Z","v":0}
{"name":"hexo","hostname":"Alex-PC","pid":9732,"level":20,"msg":"Generator: \u001b[35marchive\u001b[39m","time":"2017-03-30T11:52:59.420Z","v":0}
{"name":"hexo","hostname":"Alex-PC","pid":9732,"level":20,"msg":"Generator: \u001b[35mcategory\u001b[39m","time":"2017-03-30T11:52:59.424Z","v":0}
{"name":"hexo","hostname":"Alex-PC","pid":9732,"level":20,"msg":"Generator: \u001b[35mindex\u001b[39m","time":"2017-03-30T11:52:59.430Z","v":0}
{"name":"hexo","hostname":"Alex-PC","pid":9732,"level":20,"msg":"Generator: \u001b[35mtag\u001b[39m","time":"2017-03-30T11:52:59.434Z","v":0}
{"name":"hexo","hostname":"Alex-PC","pid":9732,"level":20,"msg":"Generator: \u001b[35masset\u001b[39m","time":"2017-03-30T11:52:59.441Z","v":0}
{"name":"hexo","hostname":"Alex-PC","pid":9732,"level":20,"msg":"Rendering archive: \u001b[35marchives/index.html\u001b[39m","time":"2017-03-30T11:53:38.786Z","v":0}
{"name":"hexo","hostname":"Alex-PC","pid":9732,"level":20,"msg":"Rendering index: \u001b[35mindex.html\u001b[39m","time":"2017-03-30T11:53:41.848Z","v":0}
{"name":"hexo","hostname":"Alex-PC","pid":9732,"level":20,"msg":"Rendering archive: \u001b[35marchives/index.html\u001b[39m","time":"2017-03-30T11:53:56.048Z","v":0}
{"name":"hexo","hostname":"Alex-PC","pid":9732,"level":20,"msg":"Rendering page: \u001b[35mtags/index.html\u001b[39m","time":"2017-03-30T11:54:01.104Z","v":0}
{"name":"hexo","hostname":"Alex-PC","pid":9732,"level":20,"msg":"Generator: \u001b[35mpage\u001b[39m","time":"2017-03-30T11:54:21.869Z","v":0}
{"name":"hexo","hostname":"Alex-PC","pid":9732,"level":20,"msg":"Generator: \u001b[35mpost\u001b[39m","time":"2017-03-30T11:54:21.874Z","v":0}
{"name":"hexo","hostname":"Alex-PC","pid":9732,"level":20,"msg":"Generator: \u001b[35marchive\u001b[39m","time":"2017-03-30T11:54:21.879Z","v":0}
{"name":"hexo","hostname":"Alex-PC","pid":9732,"level":20,"msg":"Generator: \u001b[35mcategory\u001b[39m","time":"2017-03-30T11:54:21.884Z","v":0}
{"name":"hexo","hostname":"Alex-PC","pid":9732,"level":20,"msg":"Generator: \u001b[35mindex\u001b[39m","time":"2017-03-30T11:54:21.889Z","v":0}
{"name":"hexo","hostname":"Alex-PC","pid":9732,"level":20,"msg":"Generator: \u001b[35mtag\u001b[39m","time":"2017-03-30T11:54:21.894Z","v":0}
{"name":"hexo","hostname":"Alex-PC","pid":9732,"level":20,"msg":"Generator: \u001b[35masset\u001b[39m","time":"2017-03-30T11:54:21.900Z","v":0}
{"name":"hexo","hostname":"Alex-PC","pid":9732,"level":20,"msg":"Generator: \u001b[35mpage\u001b[39m","time":"2017-03-30T11:54:22.032Z","v":0}
{"name":"hexo","hostname":"Alex-PC","pid":9732,"level":20,"msg":"Generator: \u001b[35mpost\u001b[39m","time":"2017-03-30T11:54:22.039Z","v":0}
{"name":"hexo","hostname":"Alex-PC","pid":9732,"level":20,"msg":"Generator: \u001b[35marchive\u001b[39m","time":"2017-03-30T11:54:22.047Z","v":0}
{"name":"hexo","hostname":"Alex-PC","pid":9732,"level":20,"msg":"Generator: \u001b[35mcategory\u001b[39m","time":"2017-03-30T11:54:22.051Z","v":0}
{"name":"hexo","hostname":"Alex-PC","pid":9732,"level":20,"msg":"Generator: \u001b[35mindex\u001b[39m","time":"2017-03-30T11:54:22.056Z","v":0}
{"name":"hexo","hostname":"Alex-PC","pid":9732,"level":20,"msg":"Generator: \u001b[35mtag\u001b[39m","time":"2017-03-30T11:54:22.062Z","v":0}
{"name":"hexo","hostname":"Alex-PC","pid":9732,"level":20,"msg":"Generator: \u001b[35masset\u001b[39m","time":"2017-03-30T11:54:22.068Z","v":0}
{"name":"hexo","hostname":"Alex-PC","pid":9732,"level":20,"msg":"Processed: \u001b[35mdebug.log\u001b[39m","time":"2017-03-30T12:14:13.605Z","v":0}
{"name":"hexo","hostname":"Alex-PC","pid":9732,"level":20,"msg":"Generator: \u001b[35mpage\u001b[39m","time":"2017-03-30T12:14:13.737Z","v":0}
{"name":"hexo","hostname":"Alex-PC","pid":9732,"level":20,"msg":"Generator: \u001b[35mpost\u001b[39m","time":"2017-03-30T12:14:13.741Z","v":0}
{"name":"hexo","hostname":"Alex-PC","pid":9732,"level":20,"msg":"Generator: \u001b[35marchive\u001b[39m","time":"2017-03-30T12:14:13.747Z","v":0}
{"name":"hexo","hostname":"Alex-PC","pid":9732,"level":20,"msg":"Generator: \u001b[35mcategory\u001b[39m","time":"2017-03-30T12:14:13.752Z","v":0}
{"name":"hexo","hostname":"Alex-PC","pid":9732,"level":20,"msg":"Generator: \u001b[35mindex\u001b[39m","time":"2017-03-30T12:14:13.757Z","v":0}
{"name":"hexo","hostname":"Alex-PC","pid":9732,"level":20,"msg":"Generator: \u001b[35mtag\u001b[39m","time":"2017-03-30T12:14:13.760Z","v":0}
{"name":"hexo","hostname":"Alex-PC","pid":9732,"level":20,"msg":"Generator: \u001b[35masset\u001b[39m","time":"2017-03-30T12:14:13.771Z","v":0}
{"name":"hexo","hostname":"Alex-PC","pid":9732,"level":20,"msg":"Processed: \u001b[35mdebug.log\u001b[39m","time":"2017-03-30T12:14:14.596Z","v":0}
{"name":"hexo","hostname":"Alex-PC","pid":9732,"level":20,"msg":"Generator: \u001b[35mpage\u001b[39m","time":"2017-03-30T12:14:14.726Z","v":0}
{"name":"hexo","hostname":"Alex-PC","pid":9732,"level":20,"msg":"Generator: \u001b[35mpost\u001b[39m","time":"2017-03-30T12:14:14.731Z","v":0}
{"name":"hexo","hostname":"Alex-PC","pid":9732,"level":20,"msg":"Generator: \u001b[35marchive\u001b[39m","time":"2017-03-30T12:14:14.735Z","v":0}
{"name":"hexo","hostname":"Alex-PC","pid":9732,"level":20,"msg":"Generator: \u001b[35mcategory\u001b[39m","time":"2017-03-30T12:14:14.739Z","v":0}
{"name":"hexo","hostname":"Alex-PC","pid":9732,"level":20,"msg":"Generator: \u001b[35mindex\u001b[39m","time":"2017-03-30T12:14:14.743Z","v":0}
{"name":"hexo","hostname":"Alex-PC","pid":9732,"level":20,"msg":"Generator: \u001b[35mtag\u001b[39m","time":"2017-03-30T12:14:14.749Z","v":0}
{"name":"hexo","hostname":"Alex-PC","pid":9732,"level":20,"msg":"Generator: \u001b[35masset\u001b[39m","time":"2017-03-30T12:14:14.754Z","v":0}
{"name":"hexo","hostname":"Alex-PC","pid":9732,"level":20,"msg":"Processed: \u001b[35mdebug.log\u001b[39m","time":"2017-03-30T12:14:15.241Z","v":0}
{"name":"hexo","hostname":"Alex-PC","pid":9732,"level":20,"msg":"Generator: \u001b[35mpage\u001b[39m","time":"2017-03-30T12:14:15.385Z","v":0}
{"name":"hexo","hostname":"Alex-PC","pid":9732,"level":20,"msg":"Generator: \u001b[35mpost\u001b[39m","time":"2017-03-30T12:14:15.389Z","v":0}
{"name":"hexo","hostname":"Alex-PC","pid":9732,"level":20,"msg":"Generator: \u001b[35marchive\u001b[39m","time":"2017-03-30T12:14:15.393Z","v":0}
{"name":"hexo","hostname":"Alex-PC","pid":9732,"level":20,"msg":"Generator: \u001b[35mcategory\u001b[39m","time":"2017-03-30T12:14:15.397Z","v":0}
{"name":"hexo","hostname":"Alex-PC","pid":9732,"level":20,"msg":"Generator: \u001b[35mindex\u001b[39m","time":"2017-03-30T12:14:15.401Z","v":0}
{"name":"hexo","hostname":"Alex-PC","pid":9732,"level":20,"msg":"Generator: \u001b[35mtag\u001b[39m","time":"2017-03-30T12:14:15.406Z","v":0}
{"name":"hexo","hostname":"Alex-PC","pid":9732,"level":20,"msg":"Generator: \u001b[35masset\u001b[39m","time":"2017-03-30T12:14:15.411Z","v":0}
{"name":"hexo","hostname":"Alex-PC","pid":9732,"level":20,"msg":"Processed: \u001b[35mdebug.log\u001b[39m","time":"2017-03-30T12:14:19.394Z","v":0}
{"name":"hexo","hostname":"Alex-PC","pid":9732,"level":20,"msg":"Generator: \u001b[35mpage\u001b[39m","time":"2017-03-30T12:14:19.521Z","v":0}
{"name":"hexo","hostname":"Alex-PC","pid":9732,"level":20,"msg":"Generator: \u001b[35mpost\u001b[39m","time":"2017-03-30T12:14:19.525Z","v":0}
{"name":"hexo","hostname":"Alex-PC","pid":9732,"level":20,"msg":"Generator: \u001b[35marchive\u001b[39m","time":"2017-03-30T12:14:19.529Z","v":0}
{"name":"hexo","hostname":"Alex-PC","pid":9732,"level":20,"msg":"Generator: \u001b[35mcategory\u001b[39m","time":"2017-03-30T12:14:19.533Z","v":0}
{"name":"hexo","hostname":"Alex-PC","pid":9732,"level":20,"msg":"Generator: \u001b[35mindex\u001b[39m","time":"2017-03-30T12:14:19.538Z","v":0}
{"name":"hexo","hostname":"Alex-PC","pid":9732,"level":20,"msg":"Generator: \u001b[35mtag\u001b[39m","time":"2017-03-30T12:14:19.542Z","v":0}
{"name":"hexo","hostname":"Alex-PC","pid":9732,"level":20,"msg":"Generator: \u001b[35masset\u001b[39m","time":"2017-03-30T12:14:19.547Z","v":0}
{"name":"hexo","hostname":"Alex-PC","pid":9732,"level":20,"msg":"Processed: \u001b[35mdebug.log\u001b[39m","time":"2017-03-30T12:14:20.516Z","v":0}
{"name":"hexo","hostname":"Alex-PC","pid":9732,"level":20,"msg":"Generator: \u001b[35mpage\u001b[39m","time":"2017-03-30T12:14:20.640Z","v":0}
{"name":"hexo","hostname":"Alex-PC","pid":9732,"level":20,"msg":"Generator: \u001b[35mpost\u001b[39m","time":"2017-03-30T12:14:20.646Z","v":0}
{"name":"hexo","hostname":"Alex-PC","pid":9732,"level":20,"msg":"Generator: \u001b[35marchive\u001b[39m","time":"2017-03-30T12:14:20.650Z","v":0}
{"name":"hexo","hostname":"Alex-PC","pid":9732,"level":20,"msg":"Generator: \u001b[35mcategory\u001b[39m","time":"2017-03-30T12:14:20.653Z","v":0}
{"name":"hexo","hostname":"Alex-PC","pid":9732,"level":20,"msg":"Generator: \u001b[35mindex\u001b[39m","time":"2017-03-30T12:14:20.658Z","v":0}
{"name":"hexo","hostname":"Alex-PC","pid":9732,"level":20,"msg":"Generator: \u001b[35mtag\u001b[39m","time":"2017-03-30T12:14:20.662Z","v":0}
{"name":"hexo","hostname":"Alex-PC","pid":9732,"level":20,"msg":"Generator: \u001b[35masset\u001b[39m","time":"2017-03-30T12:14:20.668Z","v":0}
{"name":"hexo","hostname":"Alex-PC","pid":9732,"level":20,"msg":"Processed: \u001b[35mdebug.log\u001b[39m","time":"2017-03-30T12:14:22.397Z","v":0}
{"name":"hexo","hostname":"Alex-PC","pid":9732,"level":20,"msg":"Generator: \u001b[35mpage\u001b[39m","time":"2017-03-30T12:14:22.522Z","v":0}
{"name":"hexo","hostname":"Alex-PC","pid":9732,"level":20,"msg":"Generator: \u001b[35mpost\u001b[39m","time":"2017-03-30T12:14:22.526Z","v":0}
{"name":"hexo","hostname":"Alex-PC","pid":9732,"level":20,"msg":"Generator: \u001b[35marchive\u001b[39m","time":"2017-03-30T12:14:22.531Z","v":0}
{"name":"hexo","hostname":"Alex-PC","pid":9732,"level":20,"msg":"Generator: \u001b[35mcategory\u001b[39m","time":"2017-03-30T12:14:22.536Z","v":0}
{"name":"hexo","hostname":"Alex-PC","pid":9732,"level":20,"msg":"Generator: \u001b[35mindex\u001b[39m","time":"2017-03-30T12:14:22.540Z","v":0}
{"name":"hexo","hostname":"Alex-PC","pid":9732,"level":20,"msg":"Generator: \u001b[35mtag\u001b[39m","time":"2017-03-30T12:14:22.546Z","v":0}
{"name":"hexo","hostname":"Alex-PC","pid":9732,"level":20,"msg":"Generator: \u001b[35masset\u001b[39m","time":"2017-03-30T12:14:22.553Z","v":0}
{"name":"hexo","hostname":"Alex-PC","pid":9732,"level":20,"msg":"Processed: \u001b[35mdebug.log\u001b[39m","time":"2017-03-30T12:15:01.533Z","v":0}
{"name":"hexo","hostname":"Alex-PC","pid":9732,"level":20,"msg":"Processed: \u001b[35m_posts/Hexo使用小结.md\u001b[39m","time":"2017-03-30T12:15:01.554Z","v":0}
{"name":"hexo","hostname":"Alex-PC","pid":9732,"level":20,"msg":"Generator: \u001b[35mpage\u001b[39m","time":"2017-03-30T12:15:01.709Z","v":0}
{"name":"hexo","hostname":"Alex-PC","pid":9732,"level":20,"msg":"Generator: \u001b[35mpost\u001b[39m","time":"2017-03-30T12:15:01.713Z","v":0}
{"name":"hexo","hostname":"Alex-PC","pid":9732,"level":20,"msg":"Generator: \u001b[35marchive\u001b[39m","time":"2017-03-30T12:15:01.717Z","v":0}
{"name":"hexo","hostname":"Alex-PC","pid":9732,"level":20,"msg":"Generator: \u001b[35mcategory\u001b[39m","time":"2017-03-30T12:15:01.721Z","v":0}
{"name":"hexo","hostname":"Alex-PC","pid":9732,"level":20,"msg":"Generator: \u001b[35mindex\u001b[39m","time":"2017-03-30T12:15:01.725Z","v":0}
{"name":"hexo","hostname":"Alex-PC","pid":9732,"level":20,"msg":"Generator: \u001b[35mtag\u001b[39m","time":"2017-03-30T12:15:01.729Z","v":0}
{"name":"hexo","hostname":"Alex-PC","pid":9732,"level":20,"msg":"Generator: \u001b[35masset\u001b[39m","time":"2017-03-30T12:15:01.737Z","v":0}
{"name":"hexo","hostname":"Alex-PC","pid":9732,"level":20,"msg":"Processed: \u001b[35mdebug.log\u001b[39m","time":"2017-03-30T12:15:15.571Z","v":0}
{"name":"hexo","hostname":"Alex-PC","pid":9732,"level":20,"msg":"Processed: \u001b[35m_posts/Hexo使用小结.md\u001b[39m","time":"2017-03-30T12:15:15.668Z","v":0}
{"name":"hexo","hostname":"Alex-PC","pid":9732,"level":20,"msg":"Generator: \u001b[35mpage\u001b[39m","time":"2017-03-30T12:15:15.788Z","v":0}
{"name":"hexo","hostname":"Alex-PC","pid":9732,"level":20,"msg":"Generator: \u001b[35mpost\u001b[39m","time":"2017-03-30T12:15:15.793Z","v":0}
{"name":"hexo","hostname":"Alex-PC","pid":9732,"level":20,"msg":"Generator: \u001b[35marchive\u001b[39m","time":"2017-03-30T12:15:15.797Z","v":0}
{"name":"hexo","hostname":"Alex-PC","pid":9732,"level":20,"msg":"Generator: \u001b[35mcategory\u001b[39m","time":"2017-03-30T12:15:15.801Z","v":0}
{"name":"hexo","hostname":"Alex-PC","pid":9732,"level":20,"msg":"Generator: \u001b[35mindex\u001b[39m","time":"2017-03-30T12:15:15.804Z","v":0}
{"name":"hexo","hostname":"Alex-PC","pid":9732,"level":20,"msg":"Generator: \u001b[35mtag\u001b[39m","time":"2017-03-30T12:15:15.809Z","v":0}
{"name":"hexo","hostname":"Alex-PC","pid":9732,"level":20,"msg":"Generator: \u001b[35masset\u001b[39m","time":"2017-03-30T12:15:15.814Z","v":0}
{"name":"hexo","hostname":"Alex-PC","pid":9732,"level":20,"msg":"Processed: \u001b[35mdebug.log\u001b[39m","time":"2017-03-30T12:15:35.537Z","v":0}
{"name":"hexo","hostname":"Alex-PC","pid":9732,"level":20,"msg":"Processed: \u001b[35m_posts/Hexo使用小结.md\u001b[39m","time":"2017-03-30T12:15:35.560Z","v":0}
{"name":"hexo","hostname":"Alex-PC","pid":9732,"level":20,"msg":"Processed: \u001b[35m_posts/Hexo小结.md\u001b[39m","time":"2017-03-30T12:15:35.631Z","v":0}
{"name":"hexo","hostname":"Alex-PC","pid":9732,"level":20,"msg":"Generator: \u001b[35mpage\u001b[39m","time":"2017-03-30T12:15:35.847Z","v":0}
{"name":"hexo","hostname":"Alex-PC","pid":9732,"level":20,"msg":"Generator: \u001b[35mpost\u001b[39m","time":"2017-03-30T12:15:35.854Z","v":0}
{"name":"hexo","hostname":"Alex-PC","pid":9732,"level":20,"msg":"Generator: \u001b[35marchive\u001b[39m","time":"2017-03-30T12:15:35.858Z","v":0}
{"name":"hexo","hostname":"Alex-PC","pid":9732,"level":20,"msg":"Generator: \u001b[35mcategory\u001b[39m","time":"2017-03-30T12:15:35.862Z","v":0}
{"name":"hexo","hostname":"Alex-PC","pid":9732,"level":20,"msg":"Generator: \u001b[35mindex\u001b[39m","time":"2017-03-30T12:15:35.869Z","v":0}
{"name":"hexo","hostname":"Alex-PC","pid":9732,"level":20,"msg":"Generator: \u001b[35mtag\u001b[39m","time":"2017-03-30T12:15:35.873Z","v":0}
{"name":"hexo","hostname":"Alex-PC","pid":9732,"level":20,"msg":"Generator: \u001b[35masset\u001b[39m","time":"2017-03-30T12:15:35.879Z","v":0}
{"name":"hexo","hostname":"Alex-PC","pid":9732,"level":20,"msg":"Processed: \u001b[35m_posts/Hexo使用小结.md\u001b[39m","time":"2017-03-30T12:16:20.572Z","v":0}
{"name":"hexo","hostname":"Alex-PC","pid":9732,"level":20,"msg":"Generator: \u001b[35mpage\u001b[39m","time":"2017-03-30T12:16:20.734Z","v":0}
{"name":"hexo","hostname":"Alex-PC","pid":9732,"level":20,"msg":"Generator: \u001b[35mpost\u001b[39m","time":"2017-03-30T12:16:20.738Z","v":0}
{"name":"hexo","hostname":"Alex-PC","pid":9732,"level":20,"msg":"Generator: \u001b[35marchive\u001b[39m","time":"2017-03-30T12:16:20.742Z","v":0}
{"name":"hexo","hostname":"Alex-PC","pid":9732,"level":20,"msg":"Generator: \u001b[35mcategory\u001b[39m","time":"2017-03-30T12:16:20.745Z","v":0}
{"name":"hexo","hostname":"Alex-PC","pid":9732,"level":20,"msg":"Generator: \u001b[35mindex\u001b[39m","time":"2017-03-30T12:16:20.749Z","v":0}
{"name":"hexo","hostname":"Alex-PC","pid":9732,"level":20,"msg":"Generator: \u001b[35mtag\u001b[39m","time":"2017-03-30T12:16:20.754Z","v":0}
{"name":"hexo","hostname":"Alex-PC","pid":9732,"level":20,"msg":"Generator: \u001b[35masset\u001b[39m","time":"2017-03-30T12:16:20.762Z","v":0}
{"name":"hexo","hostname":"Alex-PC","pid":9732,"level":20,"msg":"Processed: \u001b[35mdebug.log\u001b[39m","time":"2017-03-30T12:16:31.763Z","v":0}
{"name":"hexo","hostname":"Alex-PC","pid":9732,"level":20,"msg":"Generator: \u001b[35mpage\u001b[39m","time":"2017-03-30T12:16:31.893Z","v":0}
{"name":"hexo","hostname":"Alex-PC","pid":9732,"level":20,"msg":"Generator: \u001b[35mpost\u001b[39m","time":"2017-03-30T12:16:31.897Z","v":0}
{"name":"hexo","hostname":"Alex-PC","pid":9732,"level":20,"msg":"Generator: \u001b[35marchive\u001b[39m","time":"2017-03-30T12:16:31.902Z","v":0}
{"name":"hexo","hostname":"Alex-PC","pid":9732,"level":20,"msg":"Generator: \u001b[35mcategory\u001b[39m","time":"2017-03-30T12:16:31.907Z","v":0}
{"name":"hexo","hostname":"Alex-PC","pid":9732,"level":20,"msg":"Generator: \u001b[35mindex\u001b[39m","time":"2017-03-30T12:16:31.911Z","v":0}
{"name":"hexo","hostname":"Alex-PC","pid":9732,"level":20,"msg":"Generator: \u001b[35mtag\u001b[39m","time":"2017-03-30T12:16:31.920Z","v":0}
{"name":"hexo","hostname":"Alex-PC","pid":9732,"level":20,"msg":"Generator: \u001b[35masset\u001b[39m","time":"2017-03-30T12:16:31.926Z","v":0}
{"name":"hexo","hostname":"Alex-PC","pid":9732,"level":20,"msg":"Processed: \u001b[35mdebug.log\u001b[39m","time":"2017-03-30T12:16:35.408Z","v":0}
{"name":"hexo","hostname":"Alex-PC","pid":9732,"level":20,"msg":"Generator: \u001b[35mpage\u001b[39m","time":"2017-03-30T12:16:35.538Z","v":0}
{"name":"hexo","hostname":"Alex-PC","pid":9732,"level":20,"msg":"Generator: \u001b[35mpost\u001b[39m","time":"2017-03-30T12:16:35.543Z","v":0}
{"name":"hexo","hostname":"Alex-PC","pid":9732,"level":20,"msg":"Generator: \u001b[35marchive\u001b[39m","time":"2017-03-30T12:16:35.548Z","v":0}
{"name":"hexo","hostname":"Alex-PC","pid":9732,"level":20,"msg":"Generator: \u001b[35mcategory\u001b[39m","time":"2017-03-30T12:16:35.552Z","v":0}
{"name":"hexo","hostname":"Alex-PC","pid":9732,"level":20,"msg":"Generator: \u001b[35mindex\u001b[39m","time":"2017-03-30T12:16:35.557Z","v":0}
{"name":"hexo","hostname":"Alex-PC","pid":9732,"level":20,"msg":"Generator: \u001b[35mtag\u001b[39m","time":"2017-03-30T12:16:35.561Z","v":0}
{"name":"hexo","hostname":"Alex-PC","pid":9732,"level":20,"msg":"Generator: \u001b[35masset\u001b[39m","time":"2017-03-30T12:16:35.569Z","v":0}
{"name":"hexo","hostname":"Alex-PC","pid":9732,"level":20,"msg":"Rendering page: \u001b[35mtags/index.html\u001b[39m","time":"2017-03-30T12:16:42.620Z","v":0}
{"name":"hexo","hostname":"Alex-PC","pid":9732,"level":20,"msg":"Rendering index: \u001b[35mindex.html\u001b[39m","time":"2017-03-30T12:16:48.546Z","v":0}
{"name":"hexo","hostname":"Alex-PC","pid":9732,"level":20,"msg":"Processed: \u001b[35mdebug.log\u001b[39m","time":"2017-03-30T12:18:17.470Z","v":0}
{"name":"hexo","hostname":"Alex-PC","pid":9732,"level":20,"msg":"Processed: \u001b[35m_posts/Blog发布.md\u001b[39m","time":"2017-03-30T12:18:17.486Z","v":0}
{"name":"hexo","hostname":"Alex-PC","pid":9732,"level":20,"msg":"Generator: \u001b[35mpage\u001b[39m","time":"2017-03-30T12:18:17.624Z","v":0}
{"name":"hexo","hostname":"Alex-PC","pid":9732,"level":20,"msg":"Generator: \u001b[35mpost\u001b[39m","time":"2017-03-30T12:18:17.628Z","v":0}
{"name":"hexo","hostname":"Alex-PC","pid":9732,"level":20,"msg":"Generator: \u001b[35marchive\u001b[39m","time":"2017-03-30T12:18:17.633Z","v":0}
{"name":"hexo","hostname":"Alex-PC","pid":9732,"level":20,"msg":"Generator: \u001b[35mcategory\u001b[39m","time":"2017-03-30T12:18:17.637Z","v":0}
{"name":"hexo","hostname":"Alex-PC","pid":9732,"level":20,"msg":"Generator: \u001b[35mindex\u001b[39m","time":"2017-03-30T12:18:17.641Z","v":0}
{"name":"hexo","hostname":"Alex-PC","pid":9732,"level":20,"msg":"Generator: \u001b[35mtag\u001b[39m","time":"2017-03-30T12:18:17.645Z","v":0}
{"name":"hexo","hostname":"Alex-PC","pid":9732,"level":20,"msg":"Generator: \u001b[35masset\u001b[39m","time":"2017-03-30T12:18:17.650Z","v":0}
{"name":"hexo","hostname":"Alex-PC","pid":9732,"level":20,"msg":"Processed: \u001b[35m_posts/Blog发布.md\u001b[39m","time":"2017-03-30T12:18:39.063Z","v":0}
{"name":"hexo","hostname":"Alex-PC","pid":9732,"level":20,"msg":"Generator: \u001b[35mpage\u001b[39m","time":"2017-03-30T12:18:39.197Z","v":0}
{"name":"hexo","hostname":"Alex-PC","pid":9732,"level":20,"msg":"Generator: \u001b[35mpost\u001b[39m","time":"2017-03-30T12:18:39.203Z","v":0}
{"name":"hexo","hostname":"Alex-PC","pid":9732,"level":20,"msg":"Generator: \u001b[35marchive\u001b[39m","time":"2017-03-30T12:18:39.206Z","v":0}
{"name":"hexo","hostname":"Alex-PC","pid":9732,"level":20,"msg":"Generator: \u001b[35mcategory\u001b[39m","time":"2017-03-30T12:18:39.210Z","v":0}
{"name":"hexo","hostname":"Alex-PC","pid":9732,"level":20,"msg":"Generator: \u001b[35mindex\u001b[39m","time":"2017-03-30T12:18:39.214Z","v":0}
{"name":"hexo","hostname":"Alex-PC","pid":9732,"level":20,"msg":"Generator: \u001b[35mtag\u001b[39m","time":"2017-03-30T12:18:39.218Z","v":0}
{"name":"hexo","hostname":"Alex-PC","pid":9732,"level":20,"msg":"Generator: \u001b[35masset\u001b[39m","time":"2017-03-30T12:18:39.224Z","v":0}
{"name":"hexo","hostname":"Alex-PC","pid":9732,"level":20,"msg":"Processed: \u001b[35m_posts/Hexo使用小结.md\u001b[39m","time":"2017-03-30T12:18:53.772Z","v":0}
{"name":"hexo","hostname":"Alex-PC","pid":9732,"level":20,"msg":"Generator: \u001b[35mpage\u001b[39m","time":"2017-03-30T12:18:53.946Z","v":0}
{"name":"hexo","hostname":"Alex-PC","pid":9732,"level":20,"msg":"Generator: \u001b[35mpost\u001b[39m","time":"2017-03-30T12:18:53.953Z","v":0}
{"name":"hexo","hostname":"Alex-PC","pid":9732,"level":20,"msg":"Generator: \u001b[35marchive\u001b[39m","time":"2017-03-30T12:18:53.958Z","v":0}
{"name":"hexo","hostname":"Alex-PC","pid":9732,"level":20,"msg":"Generator: \u001b[35mcategory\u001b[39m","time":"2017-03-30T12:18:53.963Z","v":0}
{"name":"hexo","hostname":"Alex-PC","pid":9732,"level":20,"msg":"Generator: \u001b[35mindex\u001b[39m","time":"2017-03-30T12:18:53.969Z","v":0}
{"name":"hexo","hostname":"Alex-PC","pid":9732,"level":20,"msg":"Generator: \u001b[35mtag\u001b[39m","time":"2017-03-30T12:18:53.975Z","v":0}
{"name":"hexo","hostname":"Alex-PC","pid":9732,"level":20,"msg":"Generator: \u001b[35masset\u001b[39m","time":"2017-03-30T12:18:53.982Z","v":0}
{"name":"hexo","hostname":"Alex-PC","pid":9732,"level":20,"msg":"Generator: \u001b[35mpage\u001b[39m","time":"2017-03-30T12:20:37.134Z","v":0}
{"name":"hexo","hostname":"Alex-PC","pid":9732,"level":20,"msg":"Generator: \u001b[35mpost\u001b[39m","time":"2017-03-30T12:20:37.142Z","v":0}
{"name":"hexo","hostname":"Alex-PC","pid":9732,"level":20,"msg":"Generator: \u001b[35marchive\u001b[39m","time":"2017-03-30T12:20:37.145Z","v":0}
{"name":"hexo","hostname":"Alex-PC","pid":9732,"level":20,"msg":"Generator: \u001b[35mcategory\u001b[39m","time":"2017-03-30T12:20:37.149Z","v":0}
{"name":"hexo","hostname":"Alex-PC","pid":9732,"level":20,"msg":"Generator: \u001b[35mindex\u001b[39m","time":"2017-03-30T12:20:37.155Z","v":0}
{"name":"hexo","hostname":"Alex-PC","pid":9732,"level":20,"msg":"Generator: \u001b[35mtag\u001b[39m","time":"2017-03-30T12:20:37.159Z","v":0}
{"name":"hexo","hostname":"Alex-PC","pid":9732,"level":20,"msg":"Generator: \u001b[35masset\u001b[39m","time":"2017-03-30T12:20:37.166Z","v":0}
{"name":"hexo","hostname":"Alex-PC","pid":9732,"level":20,"msg":"Processed: \u001b[35m_posts/Blog发布.md\u001b[39m","time":"2017-03-30T12:21:53.169Z","v":0}
{"name":"hexo","hostname":"Alex-PC","pid":9732,"level":20,"msg":"Generator: \u001b[35mpage\u001b[39m","time":"2017-03-30T12:21:53.338Z","v":0}
{"name":"hexo","hostname":"Alex-PC","pid":9732,"level":20,"msg":"Generator: \u001b[35mpost\u001b[39m","time":"2017-03-30T12:21:53.343Z","v":0}
{"name":"hexo","hostname":"Alex-PC","pid":9732,"level":20,"msg":"Generator: \u001b[35marchive\u001b[39m","time":"2017-03-30T12:21:53.347Z","v":0}
{"name":"hexo","hostname":"Alex-PC","pid":9732,"level":20,"msg":"Generator: \u001b[35mcategory\u001b[39m","time":"2017-03-30T12:21:53.351Z","v":0}
{"name":"hexo","hostname":"Alex-PC","pid":9732,"level":20,"msg":"Generator: \u001b[35mindex\u001b[39m","time":"2017-03-30T12:21:53.355Z","v":0}
{"name":"hexo","hostname":"Alex-PC","pid":9732,"level":20,"msg":"Generator: \u001b[35mtag\u001b[39m","time":"2017-03-30T12:21:53.359Z","v":0}
{"name":"hexo","hostname":"Alex-PC","pid":9732,"level":20,"msg":"Generator: \u001b[35masset\u001b[39m","time":"2017-03-30T12:21:53.365Z","v":0}
{"name":"hexo","hostname":"Alex-PC","pid":9732,"level":20,"msg":"Processed: \u001b[35m_posts/Blog发布.md\u001b[39m","time":"2017-03-30T12:24:32.194Z","v":0}
{"name":"hexo","hostname":"Alex-PC","pid":9732,"level":20,"msg":"Generator: \u001b[35mpage\u001b[39m","time":"2017-03-30T12:24:32.346Z","v":0}
{"name":"hexo","hostname":"Alex-PC","pid":9732,"level":20,"msg":"Generator: \u001b[35mpost\u001b[39m","time":"2017-03-30T12:24:32.350Z","v":0}
{"name":"hexo","hostname":"Alex-PC","pid":9732,"level":20,"msg":"Generator: \u001b[35marchive\u001b[39m","time":"2017-03-30T12:24:32.355Z","v":0}
{"name":"hexo","hostname":"Alex-PC","pid":9732,"level":20,"msg":"Generator: \u001b[35mcategory\u001b[39m","time":"2017-03-30T12:24:32.358Z","v":0}
{"name":"hexo","hostname":"Alex-PC","pid":9732,"level":20,"msg":"Generator: \u001b[35mindex\u001b[39m","time":"2017-03-30T12:24:32.362Z","v":0}
{"name":"hexo","hostname":"Alex-PC","pid":9732,"level":20,"msg":"Generator: \u001b[35mtag\u001b[39m","time":"2017-03-30T12:24:32.367Z","v":0}
{"name":"hexo","hostname":"Alex-PC","pid":9732,"level":20,"msg":"Generator: \u001b[35masset\u001b[39m","time":"2017-03-30T12:24:32.372Z","v":0}
{"name":"hexo","hostname":"Alex-PC","pid":9732,"level":20,"msg":"Processed: \u001b[35m_posts/Blog发布.md\u001b[39m","time":"2017-03-30T12:25:46.853Z","v":0}
{"name":"hexo","hostname":"Alex-PC","pid":9732,"level":20,"msg":"Generator: \u001b[35mpage\u001b[39m","time":"2017-03-30T12:25:47.018Z","v":0}
{"name":"hexo","hostname":"Alex-PC","pid":9732,"level":20,"msg":"Generator: \u001b[35mpost\u001b[39m","time":"2017-03-30T12:25:47.023Z","v":0}
{"name":"hexo","hostname":"Alex-PC","pid":9732,"level":20,"msg":"Generator: \u001b[35marchive\u001b[39m","time":"2017-03-30T12:25:47.027Z","v":0}
{"name":"hexo","hostname":"Alex-PC","pid":9732,"level":20,"msg":"Generator: \u001b[35mcategory\u001b[39m","time":"2017-03-30T12:25:47.032Z","v":0}
{"name":"hexo","hostname":"Alex-PC","pid":9732,"level":20,"msg":"Generator: \u001b[35mindex\u001b[39m","time":"2017-03-30T12:25:47.036Z","v":0}
{"name":"hexo","hostname":"Alex-PC","pid":9732,"level":20,"msg":"Generator: \u001b[35mtag\u001b[39m","time":"2017-03-30T12:25:47.040Z","v":0}
{"name":"hexo","hostname":"Alex-PC","pid":9732,"level":20,"msg":"Generator: \u001b[35masset\u001b[39m","time":"2017-03-30T12:25:47.047Z","v":0}
{"name":"hexo","hostname":"Alex-PC","pid":9732,"level":20,"msg":"Rendering index: \u001b[35mindex.html\u001b[39m","time":"2017-03-30T12:26:58.502Z","v":0}
{"name":"hexo","hostname":"Alex-PC","pid":9732,"level":20,"msg":"Rendering index: \u001b[35mindex.html\u001b[39m","time":"2017-03-30T12:28:14.064Z","v":0}
{"name":"hexo","hostname":"Alex-PC","pid":9732,"level":20,"msg":"Rendering index: \u001b[35mindex.html\u001b[39m","time":"2017-03-30T12:28:18.770Z","v":0}
{"name":"hexo","hostname":"Alex-PC","pid":9732,"level":20,"msg":"Processed: \u001b[35m_posts/Blog发布.md\u001b[39m","time":"2017-03-30T12:28:23.876Z","v":0}
{"name":"hexo","hostname":"Alex-PC","pid":9732,"level":20,"msg":"Generator: \u001b[35mpage\u001b[39m","time":"2017-03-30T12:28:24.035Z","v":0}
{"name":"hexo","hostname":"Alex-PC","pid":9732,"level":20,"msg":"Generator: \u001b[35mpost\u001b[39m","time":"2017-03-30T12:28:24.040Z","v":0}
{"name":"hexo","hostname":"Alex-PC","pid":9732,"level":20,"msg":"Generator: \u001b[35marchive\u001b[39m","time":"2017-03-30T12:28:24.048Z","v":0}
{"name":"hexo","hostname":"Alex-PC","pid":9732,"level":20,"msg":"Generator: \u001b[35mcategory\u001b[39m","time":"2017-03-30T12:28:24.054Z","v":0}
{"name":"hexo","hostname":"Alex-PC","pid":9732,"level":20,"msg":"Generator: \u001b[35mindex\u001b[39m","time":"2017-03-30T12:28:24.058Z","v":0}
{"name":"hexo","hostname":"Alex-PC","pid":9732,"level":20,"msg":"Generator: \u001b[35mtag\u001b[39m","time":"2017-03-30T12:28:24.064Z","v":0}
{"name":"hexo","hostname":"Alex-PC","pid":9732,"level":20,"msg":"Generator: \u001b[35masset\u001b[39m","time":"2017-03-30T12:28:24.071Z","v":0}
{"name":"hexo","hostname":"Alex-PC","pid":9732,"level":20,"msg":"Rendering index: \u001b[35mindex.html\u001b[39m","time":"2017-03-30T12:28:25.244Z","v":0}
{"name":"hexo","hostname":"Alex-PC","pid":9732,"level":20,"msg":"Processed: \u001b[35m_posts/Blog发布.md\u001b[39m","time":"2017-03-30T12:33:56.916Z","v":0}
{"name":"hexo","hostname":"Alex-PC","pid":9732,"level":20,"msg":"Generator: \u001b[35mpage\u001b[39m","time":"2017-03-30T12:33:57.059Z","v":0}
{"name":"hexo","hostname":"Alex-PC","pid":9732,"level":20,"msg":"Generator: \u001b[35mpost\u001b[39m","time":"2017-03-30T12:33:57.063Z","v":0}
{"name":"hexo","hostname":"Alex-PC","pid":9732,"level":20,"msg":"Generator: \u001b[35marchive\u001b[39m","time":"2017-03-30T12:33:57.069Z","v":0}
{"name":"hexo","hostname":"Alex-PC","pid":9732,"level":20,"msg":"Generator: \u001b[35mcategory\u001b[39m","time":"2017-03-30T12:33:57.072Z","v":0}
{"name":"hexo","hostname":"Alex-PC","pid":9732,"level":20,"msg":"Generator: \u001b[35mindex\u001b[39m","time":"2017-03-30T12:33:57.077Z","v":0}
{"name":"hexo","hostname":"Alex-PC","pid":9732,"level":20,"msg":"Generator: \u001b[35mtag\u001b[39m","time":"2017-03-30T12:33:57.081Z","v":0}
{"name":"hexo","hostname":"Alex-PC","pid":9732,"level":20,"msg":"Generator: \u001b[35masset\u001b[39m","time":"2017-03-30T12:33:57.087Z","v":0}
{"name":"hexo","hostname":"Alex-PC","pid":9732,"level":20,"msg":"Rendering index: \u001b[35mindex.html\u001b[39m","time":"2017-03-30T12:33:59.266Z","v":0}
{"name":"hexo","hostname":"Alex-PC","pid":9732,"level":20,"msg":"Processed: \u001b[35m_posts/Blog发布.md\u001b[39m","time":"2017-03-30T12:34:12.690Z","v":0}
{"name":"hexo","hostname":"Alex-PC","pid":9732,"level":20,"msg":"Generator: \u001b[35mpage\u001b[39m","time":"2017-03-30T12:34:12.884Z","v":0}
{"name":"hexo","hostname":"Alex-PC","pid":9732,"level":20,"msg":"Generator: \u001b[35mpost\u001b[39m","time":"2017-03-30T12:34:12.889Z","v":0}
{"name":"hexo","hostname":"Alex-PC","pid":9732,"level":20,"msg":"Generator: \u001b[35marchive\u001b[39m","time":"2017-03-30T12:34:12.893Z","v":0}
{"name":"hexo","hostname":"Alex-PC","pid":9732,"level":20,"msg":"Generator: \u001b[35mcategory\u001b[39m","time":"2017-03-30T12:34:12.898Z","v":0}
{"name":"hexo","hostname":"Alex-PC","pid":9732,"level":20,"msg":"Generator: \u001b[35mindex\u001b[39m","time":"2017-03-30T12:34:12.902Z","v":0}
{"name":"hexo","hostname":"Alex-PC","pid":9732,"level":20,"msg":"Generator: \u001b[35mtag\u001b[39m","time":"2017-03-30T12:34:12.906Z","v":0}
{"name":"hexo","hostname":"Alex-PC","pid":9732,"level":20,"msg":"Generator: \u001b[35masset\u001b[39m","time":"2017-03-30T12:34:12.913Z","v":0}
{"name":"hexo","hostname":"Alex-PC","pid":9732,"level":20,"msg":"Rendering index: \u001b[35mindex.html\u001b[39m","time":"2017-03-30T12:34:13.897Z","v":0}
{"name":"hexo","hostname":"Alex-PC","pid":9732,"level":20,"msg":"Processed: \u001b[35m_posts/Blog发布.md\u001b[39m","time":"2017-03-30T12:35:09.219Z","v":0}
{"name":"hexo","hostname":"Alex-PC","pid":9732,"level":20,"msg":"Generator: \u001b[35mpage\u001b[39m","time":"2017-03-30T12:35:09.370Z","v":0}
{"name":"hexo","hostname":"Alex-PC","pid":9732,"level":20,"msg":"Generator: \u001b[35mpost\u001b[39m","time":"2017-03-30T12:35:09.374Z","v":0}
{"name":"hexo","hostname":"Alex-PC","pid":9732,"level":20,"msg":"Generator: \u001b[35marchive\u001b[39m","time":"2017-03-30T12:35:09.379Z","v":0}
{"name":"hexo","hostname":"Alex-PC","pid":9732,"level":20,"msg":"Generator: \u001b[35mcategory\u001b[39m","time":"2017-03-30T12:35:09.382Z","v":0}
{"name":"hexo","hostname":"Alex-PC","pid":9732,"level":20,"msg":"Generator: \u001b[35mindex\u001b[39m","time":"2017-03-30T12:35:09.387Z","v":0}
{"name":"hexo","hostname":"Alex-PC","pid":9732,"level":20,"msg":"Generator: \u001b[35mtag\u001b[39m","time":"2017-03-30T12:35:09.392Z","v":0}
{"name":"hexo","hostname":"Alex-PC","pid":9732,"level":20,"msg":"Generator: \u001b[35masset\u001b[39m","time":"2017-03-30T12:35:09.402Z","v":0}
{"name":"hexo","hostname":"Alex-PC","pid":9732,"level":20,"msg":"Processed: \u001b[35mdebug.log\u001b[39m","time":"2017-03-30T12:35:34.284Z","v":0}
{"name":"hexo","hostname":"Alex-PC","pid":9732,"level":20,"msg":"Generator: \u001b[35mpage\u001b[39m","time":"2017-03-30T12:35:34.420Z","v":0}
{"name":"hexo","hostname":"Alex-PC","pid":9732,"level":20,"msg":"Generator: \u001b[35mpost\u001b[39m","time":"2017-03-30T12:35:34.425Z","v":0}
{"name":"hexo","hostname":"Alex-PC","pid":9732,"level":20,"msg":"Generator: \u001b[35marchive\u001b[39m","time":"2017-03-30T12:35:34.440Z","v":0}
{"name":"hexo","hostname":"Alex-PC","pid":9732,"level":20,"msg":"Generator: \u001b[35mcategory\u001b[39m","time":"2017-03-30T12:35:34.449Z","v":0}
{"name":"hexo","hostname":"Alex-PC","pid":9732,"level":20,"msg":"Generator: \u001b[35mindex\u001b[39m","time":"2017-03-30T12:35:34.472Z","v":0}
{"name":"hexo","hostname":"Alex-PC","pid":9732,"level":20,"msg":"Generator: \u001b[35mtag\u001b[39m","time":"2017-03-30T12:35:34.478Z","v":0}
{"name":"hexo","hostname":"Alex-PC","pid":9732,"level":20,"msg":"Generator: \u001b[35masset\u001b[39m","time":"2017-03-30T12:35:34.488Z","v":0}
{"name":"hexo","hostname":"Alex-PC","pid":9732,"level":20,"msg":"Processed: \u001b[35mdebug.log\u001b[39m","time":"2017-03-30T12:35:34.532Z","v":0}
{"name":"hexo","hostname":"Alex-PC","pid":9732,"level":20,"msg":"Generator: \u001b[35mpage\u001b[39m","time":"2017-03-30T12:35:34.685Z","v":0}
{"name":"hexo","hostname":"Alex-PC","pid":9732,"level":20,"msg":"Generator: \u001b[35mpost\u001b[39m","time":"2017-03-30T12:35:34.693Z","v":0}
{"name":"hexo","hostname":"Alex-PC","pid":9732,"level":20,"msg":"Generator: \u001b[35marchive\u001b[39m","time":"2017-03-30T12:35:34.699Z","v":0}
{"name":"hexo","hostname":"Alex-PC","pid":9732,"level":20,"msg":"Generator: \u001b[35mcategory\u001b[39m","time":"2017-03-30T12:35:34.703Z","v":0}
{"name":"hexo","hostname":"Alex-PC","pid":9732,"level":20,"msg":"Generator: \u001b[35mindex\u001b[39m","time":"2017-03-30T12:35:34.710Z","v":0}
{"name":"hexo","hostname":"Alex-PC","pid":9732,"level":20,"msg":"Generator: \u001b[35mtag\u001b[39m","time":"2017-03-30T12:35:34.715Z","v":0}
{"name":"hexo","hostname":"Alex-PC","pid":9732,"level":20,"msg":"Generator: \u001b[35masset\u001b[39m","time":"2017-03-30T12:35:34.726Z","v":0}
{"name":"hexo","hostname":"Alex-PC","pid":9732,"level":20,"msg":"Processed: \u001b[35mdebug.log\u001b[39m","time":"2017-03-30T12:35:38.155Z","v":0}
{"name":"hexo","hostname":"Alex-PC","pid":9732,"level":20,"msg":"Generator: \u001b[35mpage\u001b[39m","time":"2017-03-30T12:35:38.280Z","v":0}
{"name":"hexo","hostname":"Alex-PC","pid":9732,"level":20,"msg":"Generator: \u001b[35mpost\u001b[39m","time":"2017-03-30T12:35:38.284Z","v":0}
{"name":"hexo","hostname":"Alex-PC","pid":9732,"level":20,"msg":"Generator: \u001b[35marchive\u001b[39m","time":"2017-03-30T12:35:38.288Z","v":0}
{"name":"hexo","hostname":"Alex-PC","pid":9732,"level":20,"msg":"Generator: \u001b[35mcategory\u001b[39m","time":"2017-03-30T12:35:38.293Z","v":0}
{"name":"hexo","hostname":"Alex-PC","pid":9732,"level":20,"msg":"Generator: \u001b[35mindex\u001b[39m","time":"2017-03-30T12:35:38.297Z","v":0}
{"name":"hexo","hostname":"Alex-PC","pid":9732,"level":20,"msg":"Generator: \u001b[35mtag\u001b[39m","time":"2017-03-30T12:35:38.301Z","v":0}
{"name":"hexo","hostname":"Alex-PC","pid":9732,"level":20,"msg":"Generator: \u001b[35masset\u001b[39m","time":"2017-03-30T12:35:38.307Z","v":0}
{"name":"hexo","hostname":"Alex-PC","pid":9732,"level":30,"msg":"Good bye","time":"2017-03-30T12:36:54.450Z","v":0}
{"name":"hexo","hostname":"Alex-PC","pid":9732,"level":20,"msg":"Database saved","time":"2017-03-30T12:36:54.528Z","v":0}
